18/01/2016 20:29:31 (Std) 	+-+-+-+-+-+-+-+-+-+-+-+-+-+-+-+-+-+-+-+-+-+-+-+-+-+-+-+-+-+-+-+-+-+-+-+-+-+-+-+
18/01/2016 20:29:31 (Std) 	+                     Crazy Eddie's GUI System - Event log                    +
18/01/2016 20:29:31 (Std) 	+                          (http://www.cegui.org.uk/)                         +
18/01/2016 20:29:31 (Std) 	+-+-+-+-+-+-+-+-+-+-+-+-+-+-+-+-+-+-+-+-+-+-+-+-+-+-+-+-+-+-+-+-+-+-+-+-+-+-+-+

18/01/2016 20:29:31 (Std) 	CEGUI::Logger singleton created. (0x28963e0)
18/01/2016 20:29:31 (Std) 	
18/01/2016 20:29:31 (Std) 	********************************************************************************
18/01/2016 20:29:31 (Std) 	* Important:                                                                   *
18/01/2016 20:29:31 (Std) 	*     To get support at the CEGUI forums, you must post _at least_ the section *
18/01/2016 20:29:31 (Std) 	*     of this log file indicated below.  Failure to do this will result in no  *
18/01/2016 20:29:31 (Std) 	*     support being given; please do not waste our time.                       *
18/01/2016 20:29:31 (Std) 	********************************************************************************
18/01/2016 20:29:31 (Std) 	********************************************************************************
18/01/2016 20:29:31 (Std) 	* -------- START OF ESSENTIAL SECTION TO BE POSTED ON THE FORUM       -------- *
18/01/2016 20:29:31 (Std) 	********************************************************************************
18/01/2016 20:29:31 (Std) 	---- Version: 0.8.4 (Build: Dec  5 2015 GNU/Linux g++ 4.8.4 64 bit) ----
18/01/2016 20:29:31 (Std) 	---- Renderer module is: CEGUI::OgreRenderer - Official OGRE based 2nd generation renderer module. ----
18/01/2016 20:29:31 (Std) 	---- XML Parser module is: CEGUI::ExpatParser - Official expat based parser module for CEGUI ----
18/01/2016 20:29:31 (Std) 	---- Image Codec module is: OgreImageCodec - Integrated ImageCodec using the Ogre engine. ----
18/01/2016 20:29:31 (Std) 	---- Scripting module is: None ----
18/01/2016 20:29:31 (Std) 	********************************************************************************
18/01/2016 20:29:31 (Std) 	* -------- END OF ESSENTIAL SECTION TO BE POSTED ON THE FORUM         -------- *
18/01/2016 20:29:31 (Std) 	********************************************************************************
18/01/2016 20:29:31 (Std) 	
18/01/2016 20:29:31 (Std) 	---- Begining CEGUI System initialisation ----
18/01/2016 20:29:31 (Std) 	[CEGUI::ImageManager] Singleton created (0x2894440)
18/01/2016 20:29:31 (Std) 	[CEGUI::ImageManager] Registered Image type: BasicImage
18/01/2016 20:29:31 (Std) 	CEGUI::FontManager singleton created. (0x2894b20)
18/01/2016 20:29:31 (Std) 	CEGUI::WindowFactoryManager singleton created
18/01/2016 20:29:31 (Std) 	CEGUI::WindowManager singleton created (0x28944c0)
18/01/2016 20:29:31 (Std) 	CEGUI::SchemeManager singleton created. (0x2894cf0)
18/01/2016 20:29:31 (Std) 	CEGUI::GlobalEventSet singleton created. (0x2893b90)
18/01/2016 20:29:31 (Std) 	CEGUI::AnimationManager singleton created (0x24757a0)
18/01/2016 20:29:31 (Std) 	CEGUI::WidgetLookManager singleton created. (0x24130d0)
18/01/2016 20:29:31 (Std) 	CEGUI::WindowRendererManager singleton created (0x2475ac0)
18/01/2016 20:29:31 (Std) 	CEGUI::RenderEffectManager singleton created (0x2487350)
18/01/2016 20:29:31 (Std) 	Created WindowFactory for 'DefaultWindow' windows.
18/01/2016 20:29:31 (Std) 	WindowFactory for 'DefaultWindow' windows added. (0x247aa50)
18/01/2016 20:29:31 (Std) 	Created WindowFactory for 'DragContainer' windows.
18/01/2016 20:29:31 (Std) 	WindowFactory for 'DragContainer' windows added. (0x247abf0)
18/01/2016 20:29:31 (Std) 	Created WindowFactory for 'ScrolledContainer' windows.
18/01/2016 20:29:31 (Std) 	WindowFactory for 'ScrolledContainer' windows added. (0x247ad90)
18/01/2016 20:29:31 (Std) 	Created WindowFactory for 'ClippedContainer' windows.
18/01/2016 20:29:31 (Std) 	WindowFactory for 'ClippedContainer' windows added. (0x247af30)
18/01/2016 20:29:31 (Std) 	Created WindowFactory for 'CEGUI/PushButton' windows.
18/01/2016 20:29:31 (Std) 	WindowFactory for 'CEGUI/PushButton' windows added. (0x247b0d0)
18/01/2016 20:29:31 (Std) 	Created WindowFactory for 'CEGUI/RadioButton' windows.
18/01/2016 20:29:31 (Std) 	WindowFactory for 'CEGUI/RadioButton' windows added. (0x247b270)
18/01/2016 20:29:31 (Std) 	Created WindowFactory for 'CEGUI/Combobox' windows.
18/01/2016 20:29:31 (Std) 	WindowFactory for 'CEGUI/Combobox' windows added. (0x247b500)
18/01/2016 20:29:31 (Std) 	Created WindowFactory for 'CEGUI/ComboDropList' windows.
18/01/2016 20:29:31 (Std) 	WindowFactory for 'CEGUI/ComboDropList' windows added. (0x247b6a0)
18/01/2016 20:29:31 (Std) 	Created WindowFactory for 'CEGUI/Editbox' windows.
18/01/2016 20:29:31 (Std) 	WindowFactory for 'CEGUI/Editbox' windows added. (0x247b840)
18/01/2016 20:29:31 (Std) 	Created WindowFactory for 'CEGUI/FrameWindow' windows.
18/01/2016 20:29:31 (Std) 	WindowFactory for 'CEGUI/FrameWindow' windows added. (0x247b9e0)
18/01/2016 20:29:31 (Std) 	Created WindowFactory for 'CEGUI/ItemEntry' windows.
18/01/2016 20:29:31 (Std) 	WindowFactory for 'CEGUI/ItemEntry' windows added. (0x247bb80)
18/01/2016 20:29:31 (Std) 	Created WindowFactory for 'CEGUI/Listbox' windows.
18/01/2016 20:29:31 (Std) 	WindowFactory for 'CEGUI/Listbox' windows added. (0x247bd20)
18/01/2016 20:29:31 (Std) 	Created WindowFactory for 'CEGUI/ListHeader' windows.
18/01/2016 20:29:31 (Std) 	WindowFactory for 'CEGUI/ListHeader' windows added. (0x247bec0)
18/01/2016 20:29:31 (Std) 	Created WindowFactory for 'CEGUI/ListHeaderSegment' windows.
18/01/2016 20:29:31 (Std) 	WindowFactory for 'CEGUI/ListHeaderSegment' windows added. (0x247c060)
18/01/2016 20:29:31 (Std) 	Created WindowFactory for 'CEGUI/Menubar' windows.
18/01/2016 20:29:31 (Std) 	WindowFactory for 'CEGUI/Menubar' windows added. (0x247c200)
18/01/2016 20:29:31 (Std) 	Created WindowFactory for 'CEGUI/PopupMenu' windows.
18/01/2016 20:29:31 (Std) 	WindowFactory for 'CEGUI/PopupMenu' windows added. (0x247c3a0)
18/01/2016 20:29:31 (Std) 	Created WindowFactory for 'CEGUI/MenuItem' windows.
18/01/2016 20:29:31 (Std) 	WindowFactory for 'CEGUI/MenuItem' windows added. (0x247c540)
18/01/2016 20:29:31 (Std) 	Created WindowFactory for 'CEGUI/MultiColumnList' windows.
18/01/2016 20:29:31 (Std) 	WindowFactory for 'CEGUI/MultiColumnList' windows added. (0x247c7f0)
18/01/2016 20:29:31 (Std) 	Created WindowFactory for 'CEGUI/MultiLineEditbox' windows.
18/01/2016 20:29:31 (Std) 	WindowFactory for 'CEGUI/MultiLineEditbox' windows added. (0x247c990)
18/01/2016 20:29:31 (Std) 	Created WindowFactory for 'CEGUI/ProgressBar' windows.
18/01/2016 20:29:31 (Std) 	WindowFactory for 'CEGUI/ProgressBar' windows added. (0x247cb30)
18/01/2016 20:29:31 (Std) 	Created WindowFactory for 'CEGUI/ScrollablePane' windows.
18/01/2016 20:29:31 (Std) 	WindowFactory for 'CEGUI/ScrollablePane' windows added. (0x247ccd0)
18/01/2016 20:29:31 (Std) 	Created WindowFactory for 'CEGUI/Scrollbar' windows.
18/01/2016 20:29:31 (Std) 	WindowFactory for 'CEGUI/Scrollbar' windows added. (0x247ce70)
18/01/2016 20:29:31 (Std) 	Created WindowFactory for 'CEGUI/Slider' windows.
18/01/2016 20:29:31 (Std) 	WindowFactory for 'CEGUI/Slider' windows added. (0x247d010)
18/01/2016 20:29:31 (Std) 	Created WindowFactory for 'CEGUI/Spinner' windows.
18/01/2016 20:29:31 (Std) 	WindowFactory for 'CEGUI/Spinner' windows added. (0x247d1b0)
18/01/2016 20:29:31 (Std) 	Created WindowFactory for 'CEGUI/TabButton' windows.
18/01/2016 20:29:31 (Std) 	WindowFactory for 'CEGUI/TabButton' windows added. (0x247d350)
18/01/2016 20:29:31 (Std) 	Created WindowFactory for 'CEGUI/TabControl' windows.
18/01/2016 20:29:31 (Std) 	WindowFactory for 'CEGUI/TabControl' windows added. (0x247d4f0)
18/01/2016 20:29:31 (Std) 	Created WindowFactory for 'CEGUI/Thumb' windows.
18/01/2016 20:29:31 (Std) 	WindowFactory for 'CEGUI/Thumb' windows added. (0x247d690)
18/01/2016 20:29:31 (Std) 	Created WindowFactory for 'CEGUI/Titlebar' windows.
18/01/2016 20:29:31 (Std) 	WindowFactory for 'CEGUI/Titlebar' windows added. (0x2465860)
18/01/2016 20:29:31 (Std) 	Created WindowFactory for 'CEGUI/ToggleButton' windows.
18/01/2016 20:29:31 (Std) 	WindowFactory for 'CEGUI/ToggleButton' windows added. (0x2465a00)
18/01/2016 20:29:31 (Std) 	Created WindowFactory for 'CEGUI/Tooltip' windows.
18/01/2016 20:29:31 (Std) 	WindowFactory for 'CEGUI/Tooltip' windows added. (0x2465ba0)
18/01/2016 20:29:31 (Std) 	Created WindowFactory for 'CEGUI/ItemListbox' windows.
18/01/2016 20:29:31 (Std) 	WindowFactory for 'CEGUI/ItemListbox' windows added. (0x2465d40)
18/01/2016 20:29:31 (Std) 	Created WindowFactory for 'CEGUI/GroupBox' windows.
18/01/2016 20:29:31 (Std) 	WindowFactory for 'CEGUI/GroupBox' windows added. (0x2465ee0)
18/01/2016 20:29:31 (Std) 	Created WindowFactory for 'CEGUI/Tree' windows.
18/01/2016 20:29:31 (Std) 	WindowFactory for 'CEGUI/Tree' windows added. (0x2466080)
18/01/2016 20:29:31 (Std) 	Created WindowFactory for 'LayoutCell' windows.
18/01/2016 20:29:31 (Std) 	WindowFactory for 'LayoutCell' windows added. (0x247c6e0)
18/01/2016 20:29:31 (Std) 	Created WindowFactory for 'HorizontalLayoutContainer' windows.
18/01/2016 20:29:31 (Std) 	WindowFactory for 'HorizontalLayoutContainer' windows added. (0x2466510)
18/01/2016 20:29:31 (Std) 	Created WindowFactory for 'VerticalLayoutContainer' windows.
18/01/2016 20:29:31 (Std) 	WindowFactory for 'VerticalLayoutContainer' windows added. (0x24666b0)
18/01/2016 20:29:31 (Std) 	Created WindowFactory for 'GridLayoutContainer' windows.
18/01/2016 20:29:31 (Std) 	WindowFactory for 'GridLayoutContainer' windows added. (0x2466850)
18/01/2016 20:29:31 (Std) 	CEGUI::System singleton created. (0x21f7650)
18/01/2016 20:29:31 (Std) 	---- CEGUI System initialisation completed ----
18/01/2016 20:29:31 (Std) 	
18/01/2016 20:29:31 (Std) 	Started creation of Scheme from XML specification:
18/01/2016 20:29:31 (Std) 	---- CEGUI GUIScheme name: TaharezLook
18/01/2016 20:29:31 (Std) 	[ImageManager] Started creation of Imageset from XML specification:
18/01/2016 20:29:31 (Std) 	[ImageManager] ---- CEGUI Imageset name: TaharezLook
18/01/2016 20:29:31 (Std) 	[ImageManager] ---- Source texture file: TaharezLook.png
18/01/2016 20:29:31 (Std) 	[ImageManager] ---- Source texture resource group: (Default)
18/01/2016 20:29:31 (Std) 	[OgreRenderer] Created texture: TaharezLook
18/01/2016 20:29:31 (Std) 	[ImageManager] Created image: 'TaharezLook/ClientBrush' (0x2f23e10) of type: BasicImage
18/01/2016 20:29:31 (Std) 	[ImageManager] Created image: 'TaharezLook/GenericBrush' (0x2f23c80) of type: BasicImage
18/01/2016 20:29:31 (Std) 	[ImageManager] Created image: 'TaharezLook/WindowLeftEdge' (0x2f2fdc0) of type: BasicImage
18/01/2016 20:29:31 (Std) 	[ImageManager] Created image: 'TaharezLook/WindowRightEdge' (0x2f30050) of type: BasicImage
18/01/2016 20:29:31 (Std) 	[ImageManager] Created image: 'TaharezLook/WindowTopEdge' (0x2f23640) of type: BasicImage
18/01/2016 20:29:31 (Std) 	[ImageManager] Created image: 'TaharezLook/WindowBottomEdge' (0x2f2faa0) of type: BasicImage
18/01/2016 20:29:31 (Std) 	[ImageManager] Created image: 'TaharezLook/WindowTopLeft' (0x2f30260) of type: BasicImage
18/01/2016 20:29:31 (Std) 	[ImageManager] Created image: 'TaharezLook/WindowTopRight' (0x2f30470) of type: BasicImage
18/01/2016 20:29:31 (Std) 	[ImageManager] Created image: 'TaharezLook/WindowBottomLeft' (0x2f30680) of type: BasicImage
18/01/2016 20:29:31 (Std) 	[ImageManager] Created image: 'TaharezLook/WindowBottomRight' (0x2f30890) of type: BasicImage
18/01/2016 20:29:31 (Std) 	[ImageManager] Created image: 'TaharezLook/ButtonLeftNormal' (0x2f30aa0) of type: BasicImage
18/01/2016 20:29:31 (Std) 	[ImageManager] Created image: 'TaharezLook/ButtonMiddleNormal' (0x2f30cb0) of type: BasicImage
18/01/2016 20:29:31 (Std) 	[ImageManager] Created image: 'TaharezLook/ButtonRightNormal' (0x2f30ec0) of type: BasicImage
18/01/2016 20:29:31 (Std) 	[ImageManager] Created image: 'TaharezLook/ButtonLeftPushed' (0x2f310d0) of type: BasicImage
18/01/2016 20:29:31 (Std) 	[ImageManager] Created image: 'TaharezLook/ButtonMiddlePushed' (0x2f312e0) of type: BasicImage
18/01/2016 20:29:31 (Std) 	[ImageManager] Created image: 'TaharezLook/ButtonRightPushed' (0x2f314f0) of type: BasicImage
18/01/2016 20:29:31 (Std) 	[ImageManager] Created image: 'TaharezLook/ButtonLeftHighlight' (0x2f31700) of type: BasicImage
18/01/2016 20:29:31 (Std) 	[ImageManager] Created image: 'TaharezLook/ButtonMiddleHighlight' (0x2f31c30) of type: BasicImage
18/01/2016 20:29:31 (Std) 	[ImageManager] Created image: 'TaharezLook/ButtonRightHighlight' (0x2a6d560) of type: BasicImage
18/01/2016 20:29:31 (Std) 	[ImageManager] Created image: 'TaharezLook/CheckboxNormal' (0x2f31ff0) of type: BasicImage
18/01/2016 20:29:31 (Std) 	[ImageManager] Created image: 'TaharezLook/CheckboxHover' (0x2f32200) of type: BasicImage
18/01/2016 20:29:31 (Std) 	[ImageManager] Created image: 'TaharezLook/CheckboxMark' (0x2f32410) of type: BasicImage
18/01/2016 20:29:31 (Std) 	[ImageManager] Created image: 'TaharezLook/RadioButtonNormal' (0x2f32620) of type: BasicImage
18/01/2016 20:29:31 (Std) 	[ImageManager] Created image: 'TaharezLook/RadioButtonHover' (0x2f32830) of type: BasicImage
18/01/2016 20:29:31 (Std) 	[ImageManager] Created image: 'TaharezLook/RadioButtonMark' (0x2f32a40) of type: BasicImage
18/01/2016 20:29:31 (Std) 	[ImageManager] Created image: 'TaharezLook/TitlebarLeft' (0x2f32c50) of type: BasicImage
18/01/2016 20:29:31 (Std) 	[ImageManager] Created image: 'TaharezLook/TitlebarMiddle' (0x2f32e60) of type: BasicImage
18/01/2016 20:29:31 (Std) 	[ImageManager] Created image: 'TaharezLook/TitlebarRight' (0x2f33070) of type: BasicImage
18/01/2016 20:29:31 (Std) 	[ImageManager] Created image: 'TaharezLook/NewTitlebarLeft' (0x2f33280) of type: BasicImage
18/01/2016 20:29:31 (Std) 	[ImageManager] Created image: 'TaharezLook/NewTitlebarMiddle' (0x2f33490) of type: BasicImage
18/01/2016 20:29:31 (Std) 	[ImageManager] Created image: 'TaharezLook/NewTitlebarRight' (0x2f336a0) of type: BasicImage
18/01/2016 20:29:31 (Std) 	[ImageManager] Created image: 'TaharezLook/SysAreaMiddle' (0x2f338b0) of type: BasicImage
18/01/2016 20:29:31 (Std) 	[ImageManager] Created image: 'TaharezLook/SysAreaRight' (0x2f33ac0) of type: BasicImage
18/01/2016 20:29:31 (Std) 	[ImageManager] Created image: 'TaharezLook/StaticLeft' (0x2f23850) of type: BasicImage
18/01/2016 20:29:31 (Std) 	[ImageManager] Created image: 'TaharezLook/StaticRight' (0x2f33e60) of type: BasicImage
18/01/2016 20:29:31 (Std) 	[ImageManager] Created image: 'TaharezLook/StaticTop' (0x2f41cc0) of type: BasicImage
18/01/2016 20:29:31 (Std) 	[ImageManager] Created image: 'TaharezLook/StaticBottom' (0x2f41ed0) of type: BasicImage
18/01/2016 20:29:31 (Std) 	[ImageManager] Created image: 'TaharezLook/StaticTopLeft' (0x2f420e0) of type: BasicImage
18/01/2016 20:29:31 (Std) 	[ImageManager] Created image: 'TaharezLook/StaticTopRight' (0x2f422f0) of type: BasicImage
18/01/2016 20:29:31 (Std) 	[ImageManager] Created image: 'TaharezLook/StaticBottomLeft' (0x2f42500) of type: BasicImage
18/01/2016 20:29:31 (Std) 	[ImageManager] Created image: 'TaharezLook/StaticBottomRight' (0x2f42710) of type: BasicImage
18/01/2016 20:29:31 (Std) 	[ImageManager] Created image: 'TaharezLook/StaticBackdrop' (0x2f42920) of type: BasicImage
18/01/2016 20:29:31 (Std) 	[ImageManager] Created image: 'TaharezLook/ProgressBarLeft' (0x2f42b30) of type: BasicImage
18/01/2016 20:29:31 (Std) 	[ImageManager] Created image: 'TaharezLook/ProgressBarMiddle' (0x2f42d40) of type: BasicImage
18/01/2016 20:29:31 (Std) 	[ImageManager] Created image: 'TaharezLook/ProgressBarRight' (0x2f42f50) of type: BasicImage
18/01/2016 20:29:31 (Std) 	[ImageManager] Created image: 'TaharezLook/ProgressBarDimSegment' (0x2f43160) of type: BasicImage
18/01/2016 20:29:31 (Std) 	[ImageManager] Created image: 'TaharezLook/ProgressBarLitSegment' (0x2f43490) of type: BasicImage
18/01/2016 20:29:31 (Std) 	[ImageManager] Created image: 'TaharezLook/EditBoxLeft' (0x2f437c0) of type: BasicImage
18/01/2016 20:29:31 (Std) 	[ImageManager] Created image: 'TaharezLook/EditBoxMiddle' (0x2f439d0) of type: BasicImage
18/01/2016 20:29:31 (Std) 	[ImageManager] Created image: 'TaharezLook/EditBoxRight' (0x2f43be0) of type: BasicImage
18/01/2016 20:29:31 (Std) 	[ImageManager] Created image: 'TaharezLook/EditBoxCaret' (0x2f43df0) of type: BasicImage
18/01/2016 20:29:31 (Std) 	[ImageManager] Created image: 'TaharezLook/SpinnerUpNormal' (0x2f44000) of type: BasicImage
18/01/2016 20:29:31 (Std) 	[ImageManager] Created image: 'TaharezLook/SpinnerDownNormal' (0x2f44210) of type: BasicImage
18/01/2016 20:29:31 (Std) 	[ImageManager] Created image: 'TaharezLook/SpinnerUpHover' (0x2f44420) of type: BasicImage
18/01/2016 20:29:31 (Std) 	[ImageManager] Created image: 'TaharezLook/SpinnerDownHover' (0x2f44630) of type: BasicImage
18/01/2016 20:29:31 (Std) 	[ImageManager] Created image: 'TaharezLook/TextSelectionBrush' (0x2f44840) of type: BasicImage
18/01/2016 20:29:31 (Std) 	[ImageManager] Created image: 'TaharezLook/VertScrollTop' (0x2f44a50) of type: BasicImage
18/01/2016 20:29:31 (Std) 	[ImageManager] Created image: 'TaharezLook/VertScrollMiddle' (0x2f44c60) of type: BasicImage
18/01/2016 20:29:31 (Std) 	[ImageManager] Created image: 'TaharezLook/VertScrollBottom' (0x2f44e70) of type: BasicImage
18/01/2016 20:29:31 (Std) 	[ImageManager] Created image: 'TaharezLook/VertScrollBarSegment' (0x2f45080) of type: BasicImage
18/01/2016 20:29:31 (Std) 	[ImageManager] Created image: 'TaharezLook/VertScrollThumbNormal' (0x2f453b0) of type: BasicImage
18/01/2016 20:29:31 (Std) 	[ImageManager] Created image: 'TaharezLook/VertScrollThumbHover' (0x2f456e0) of type: BasicImage
18/01/2016 20:29:31 (Std) 	[ImageManager] Created image: 'TaharezLook/VertScrollUpNormal' (0x2f45a10) of type: BasicImage
18/01/2016 20:29:31 (Std) 	[ImageManager] Created image: 'TaharezLook/VertScrollDownNormal' (0x2f45c20) of type: BasicImage
18/01/2016 20:29:31 (Std) 	[ImageManager] Created image: 'TaharezLook/VertScrollUpHover' (0x2f45f50) of type: BasicImage
18/01/2016 20:29:31 (Std) 	[ImageManager] Created image: 'TaharezLook/VertScrollDownHover' (0x2f46160) of type: BasicImage
18/01/2016 20:29:31 (Std) 	[ImageManager] Created image: 'TaharezLook/MiniVertScrollBarSegment' (0x2f46500) of type: BasicImage
18/01/2016 20:29:31 (Std) 	[ImageManager] Created image: 'TaharezLook/MiniVertScrollThumbNormal' (0x2f234b0) of type: BasicImage
18/01/2016 20:29:31 (Std) 	[ImageManager] Created image: 'TaharezLook/MiniVertScrollThumbTopNormal' (0x2f24c10) of type: BasicImage
18/01/2016 20:29:31 (Std) 	[ImageManager] Created image: 'TaharezLook/MiniVertScrollThumbMiddleNormal' (0x2f25030) of type: BasicImage
18/01/2016 20:29:31 (Std) 	[ImageManager] Created image: 'TaharezLook/MiniVertScrollThumbBottomNormal' (0x2f248f0) of type: BasicImage
18/01/2016 20:29:31 (Std) 	[ImageManager] Created image: 'TaharezLook/MiniVertScrollThumbTopHover' (0x2f24ad0) of type: BasicImage
18/01/2016 20:29:31 (Std) 	[ImageManager] Created image: 'TaharezLook/MiniVertScrollThumbMiddleHover' (0x2f25ba0) of type: BasicImage
18/01/2016 20:29:31 (Std) 	[ImageManager] Created image: 'TaharezLook/MiniVertScrollThumbBottomHover' (0x2f2f780) of type: BasicImage
18/01/2016 20:29:31 (Std) 	[ImageManager] Created image: 'TaharezLook/MiniVertScrollThumbHover' (0x2f2f960) of type: BasicImage
18/01/2016 20:29:31 (Std) 	[ImageManager] Created image: 'TaharezLook/MiniVertScrollUpNormal' (0x2f261a0) of type: BasicImage
18/01/2016 20:29:31 (Std) 	[ImageManager] Created image: 'TaharezLook/MiniVertScrollDownNormal' (0x2f26590) of type: BasicImage
18/01/2016 20:29:31 (Std) 	[ImageManager] Created image: 'TaharezLook/MiniVertScrollUpHover' (0x2f268e0) of type: BasicImage
18/01/2016 20:29:31 (Std) 	[ImageManager] Created image: 'TaharezLook/MiniVertScrollDownHover' (0x2f26c10) of type: BasicImage
18/01/2016 20:29:31 (Std) 	[ImageManager] Created image: 'TaharezLook/VertSliderBody' (0x2f26f60) of type: BasicImage
18/01/2016 20:29:31 (Std) 	[ImageManager] Created image: 'TaharezLook/VertSliderThumbNormal' (0x2f27170) of type: BasicImage
18/01/2016 20:29:31 (Std) 	[ImageManager] Created image: 'TaharezLook/VertSliderThumbHover' (0x2f274a0) of type: BasicImage
18/01/2016 20:29:31 (Std) 	[ImageManager] Created image: 'TaharezLook/MiniHorzScrollBarSegment' (0x2f277d0) of type: BasicImage
18/01/2016 20:29:31 (Std) 	[ImageManager] Created image: 'TaharezLook/MiniHorzScrollThumbNormal' (0x2f27b20) of type: BasicImage
18/01/2016 20:29:31 (Std) 	[ImageManager] Created image: 'TaharezLook/MiniHorzScrollThumbLeftNormal' (0x2f28000) of type: BasicImage
18/01/2016 20:29:31 (Std) 	[ImageManager] Created image: 'TaharezLook/MiniHorzScrollThumbMiddleNormal' (0x2f28420) of type: BasicImage
18/01/2016 20:29:31 (Std) 	[ImageManager] Created image: 'TaharezLook/MiniHorzScrollThumbRightNormal' (0x2f28870) of type: BasicImage
18/01/2016 20:29:31 (Std) 	[ImageManager] Created image: 'TaharezLook/MiniHorzScrollThumbHover' (0x2a6d3d0) of type: BasicImage
18/01/2016 20:29:31 (Std) 	[ImageManager] Created image: 'TaharezLook/MiniHorzScrollThumbLeftHover' (0x2f28e50) of type: BasicImage
18/01/2016 20:29:31 (Std) 	[ImageManager] Created image: 'TaharezLook/MiniHorzScrollThumbMiddleHover' (0x2f29270) of type: BasicImage
18/01/2016 20:29:31 (Std) 	[ImageManager] Created image: 'TaharezLook/MiniHorzScrollThumbRightHover' (0x2f296c0) of type: BasicImage
18/01/2016 20:29:31 (Std) 	[ImageManager] Created image: 'TaharezLook/MiniHorzScrollLeftNormal' (0x2f29a30) of type: BasicImage
18/01/2016 20:29:31 (Std) 	[ImageManager] Created image: 'TaharezLook/MiniHorzScrollRightNormal' (0x2f29e20) of type: BasicImage
18/01/2016 20:29:31 (Std) 	[ImageManager] Created image: 'TaharezLook/MiniHorzScrollLeftHover' (0x2f2a170) of type: BasicImage
18/01/2016 20:29:31 (Std) 	[ImageManager] Created image: 'TaharezLook/MiniHorzScrollRightHover' (0x2f25a10) of type: BasicImage
18/01/2016 20:29:31 (Std) 	[ImageManager] Created image: 'TaharezLook/ListboxLeft' (0x2fb2360) of type: BasicImage
18/01/2016 20:29:31 (Std) 	[ImageManager] Created image: 'TaharezLook/ListboxRight' (0x2fb2570) of type: BasicImage
18/01/2016 20:29:31 (Std) 	[ImageManager] Created image: 'TaharezLook/ListboxTop' (0x2fb2780) of type: BasicImage
18/01/2016 20:29:31 (Std) 	[ImageManager] Created image: 'TaharezLook/ListboxBottom' (0x2fb2990) of type: BasicImage
18/01/2016 20:29:31 (Std) 	[ImageManager] Created image: 'TaharezLook/ListboxTopLeft' (0x2fb2ba0) of type: BasicImage
18/01/2016 20:29:31 (Std) 	[ImageManager] Created image: 'TaharezLook/ListboxTopRight' (0x2fb2db0) of type: BasicImage
18/01/2016 20:29:31 (Std) 	[ImageManager] Created image: 'TaharezLook/ListboxBottomLeft' (0x2fb2fc0) of type: BasicImage
18/01/2016 20:29:31 (Std) 	[ImageManager] Created image: 'TaharezLook/ListboxBottomRight' (0x2fb31d0) of type: BasicImage
18/01/2016 20:29:31 (Std) 	[ImageManager] Created image: 'TaharezLook/ListboxBackdrop' (0x2fb33e0) of type: BasicImage
18/01/2016 20:29:31 (Std) 	[ImageManager] Created image: 'TaharezLook/ListboxSelectionBrush' (0x2fb35f0) of type: BasicImage
18/01/2016 20:29:31 (Std) 	[ImageManager] Created image: 'TaharezLook/ComboboxEditLeft' (0x2fb3920) of type: BasicImage
18/01/2016 20:29:31 (Std) 	[ImageManager] Created image: 'TaharezLook/ComboboxEditMiddle' (0x2fb3b30) of type: BasicImage
18/01/2016 20:29:31 (Std) 	[ImageManager] Created image: 'TaharezLook/ComboboxListButtonNormal' (0x2fb3d40) of type: BasicImage
18/01/2016 20:29:31 (Std) 	[ImageManager] Created image: 'TaharezLook/ComboboxListButtonHover' (0x2fb4130) of type: BasicImage
18/01/2016 20:29:31 (Std) 	[ImageManager] Created image: 'TaharezLook/ComboboxListLeft' (0x2fb4480) of type: BasicImage
18/01/2016 20:29:31 (Std) 	[ImageManager] Created image: 'TaharezLook/ComboboxListRight' (0x2fb4690) of type: BasicImage
18/01/2016 20:29:31 (Std) 	[ImageManager] Created image: 'TaharezLook/ComboboxListTop' (0x2fb48a0) of type: BasicImage
18/01/2016 20:29:31 (Std) 	[ImageManager] Created image: 'TaharezLook/ComboboxListBottom' (0x2fb4ab0) of type: BasicImage
18/01/2016 20:29:31 (Std) 	[ImageManager] Created image: 'TaharezLook/ComboboxListTopLeft' (0x2fb4cc0) of type: BasicImage
18/01/2016 20:29:31 (Std) 	[ImageManager] Created image: 'TaharezLook/ComboboxListTopRight' (0x2fb4ed0) of type: BasicImage
18/01/2016 20:29:31 (Std) 	[ImageManager] Created image: 'TaharezLook/ComboboxListBottomLeft' (0x2fb5200) of type: BasicImage
18/01/2016 20:29:31 (Std) 	[ImageManager] Created image: 'TaharezLook/ComboboxListBottomRight' (0x2fb5550) of type: BasicImage
18/01/2016 20:29:31 (Std) 	[ImageManager] Created image: 'TaharezLook/ComboboxListBackdrop' (0x2fb58a0) of type: BasicImage
18/01/2016 20:29:31 (Std) 	[ImageManager] Created image: 'TaharezLook/ComboboxSelectionBrush' (0x2fb5bd0) of type: BasicImage
18/01/2016 20:29:31 (Std) 	[ImageManager] Created image: 'TaharezLook/ComboboxDividerLeft' (0x2fb5f20) of type: BasicImage
18/01/2016 20:29:31 (Std) 	[ImageManager] Created image: 'TaharezLook/ComboboxDividerMiddle' (0x2fb6130) of type: BasicImage
18/01/2016 20:29:31 (Std) 	[ImageManager] Created image: 'TaharezLook/ComboboxDividerRight' (0x2fb6460) of type: BasicImage
18/01/2016 20:29:31 (Std) 	[ImageManager] Created image: 'TaharezLook/HeaderBarBackdropNormal' (0x2fb6790) of type: BasicImage
18/01/2016 20:29:31 (Std) 	[ImageManager] Created image: 'TaharezLook/HeaderBarBackdropHover' (0x2fb6ae0) of type: BasicImage
18/01/2016 20:29:31 (Std) 	[ImageManager] Created image: 'TaharezLook/HeaderBarSplitterNormal' (0x2fb6e30) of type: BasicImage
18/01/2016 20:29:31 (Std) 	[ImageManager] Created image: 'TaharezLook/HeaderBarSplitterHover' (0x2fb7180) of type: BasicImage
18/01/2016 20:29:31 (Std) 	[ImageManager] Created image: 'TaharezLook/HeaderBarSortUp' (0x2fb74d0) of type: BasicImage
18/01/2016 20:29:31 (Std) 	[ImageManager] Created image: 'TaharezLook/HeaderBarSortDown' (0x2fb76e0) of type: BasicImage
18/01/2016 20:29:31 (Std) 	[ImageManager] Created image: 'TaharezLook/MultiListLeft' (0x2fb78f0) of type: BasicImage
18/01/2016 20:29:31 (Std) 	[ImageManager] Created image: 'TaharezLook/MultiListRight' (0x2fb7b00) of type: BasicImage
18/01/2016 20:29:31 (Std) 	[ImageManager] Created image: 'TaharezLook/MultiListTop' (0x2fb7d10) of type: BasicImage
18/01/2016 20:29:31 (Std) 	[ImageManager] Created image: 'TaharezLook/MultiListBottom' (0x2fb7f20) of type: BasicImage
18/01/2016 20:29:31 (Std) 	[ImageManager] Created image: 'TaharezLook/MultiListTopLeft' (0x2fb8130) of type: BasicImage
18/01/2016 20:29:31 (Std) 	[ImageManager] Created image: 'TaharezLook/MultiListTopRight' (0x2fb8340) of type: BasicImage
18/01/2016 20:29:31 (Std) 	[ImageManager] Created image: 'TaharezLook/MultiListBottomLeft' (0x2fb8550) of type: BasicImage
18/01/2016 20:29:31 (Std) 	[ImageManager] Created image: 'TaharezLook/MultiListBottomRight' (0x2fb8760) of type: BasicImage
18/01/2016 20:29:31 (Std) 	[ImageManager] Created image: 'TaharezLook/MultiListBackdrop' (0x2fb8a90) of type: BasicImage
18/01/2016 20:29:31 (Std) 	[ImageManager] Created image: 'TaharezLook/MultiListSelectionBrush' (0x2fb8ca0) of type: BasicImage
18/01/2016 20:29:31 (Std) 	[ImageManager] Created image: 'TaharezLook/AltProgressLeft' (0x2fb8ff0) of type: BasicImage
18/01/2016 20:29:31 (Std) 	[ImageManager] Created image: 'TaharezLook/AltProgressMiddle' (0x2fb9200) of type: BasicImage
18/01/2016 20:29:31 (Std) 	[ImageManager] Created image: 'TaharezLook/AltProgressRight' (0x2fb9410) of type: BasicImage
18/01/2016 20:29:31 (Std) 	[ImageManager] Created image: 'TaharezLook/AltProgressQuarter' (0x2fb9620) of type: BasicImage
18/01/2016 20:29:31 (Std) 	[ImageManager] Created image: 'TaharezLook/AltProgressHalf' (0x2fb9830) of type: BasicImage
18/01/2016 20:29:31 (Std) 	[ImageManager] Created image: 'TaharezLook/AltProgressLight1' (0x2fb9a40) of type: BasicImage
18/01/2016 20:29:31 (Std) 	[ImageManager] Created image: 'TaharezLook/AltProgressLight2' (0x2fb9c50) of type: BasicImage
18/01/2016 20:29:31 (Std) 	[ImageManager] Created image: 'TaharezLook/AltProgressLight3' (0x2fb9e60) of type: BasicImage
18/01/2016 20:29:31 (Std) 	[ImageManager] Created image: 'TaharezLook/AltProgressLight4' (0x2fba070) of type: BasicImage
18/01/2016 20:29:31 (Std) 	[ImageManager] Created image: 'TaharezLook/AltProgressLight5' (0x2fba280) of type: BasicImage
18/01/2016 20:29:31 (Std) 	[ImageManager] Created image: 'TaharezLook/AltProgressLight6' (0x2fba490) of type: BasicImage
18/01/2016 20:29:31 (Std) 	[ImageManager] Created image: 'TaharezLook/AltProgressLight7' (0x2fba6a0) of type: BasicImage
18/01/2016 20:29:31 (Std) 	[ImageManager] Created image: 'TaharezLook/AltProgressLight8' (0x2fba8b0) of type: BasicImage
18/01/2016 20:29:31 (Std) 	[ImageManager] Created image: 'TaharezLook/AltProgressLight9' (0x2fbaac0) of type: BasicImage
18/01/2016 20:29:31 (Std) 	[ImageManager] Created image: 'TaharezLook/AltProgressLight10' (0x2fbacd0) of type: BasicImage
18/01/2016 20:29:31 (Std) 	[ImageManager] Created image: 'TaharezLook/CloseButtonNormal' (0x2fbaee0) of type: BasicImage
18/01/2016 20:29:31 (Std) 	[ImageManager] Created image: 'TaharezLook/CloseButtonHover' (0x2fbb0f0) of type: BasicImage
18/01/2016 20:29:31 (Std) 	[ImageManager] Created image: 'TaharezLook/CloseButtonPressed' (0x2fbb300) of type: BasicImage
18/01/2016 20:29:31 (Std) 	[ImageManager] Created image: 'TaharezLook/NewCloseButtonNormal' (0x2fbb510) of type: BasicImage
18/01/2016 20:29:31 (Std) 	[ImageManager] Created image: 'TaharezLook/NewCloseButtonHover' (0x2fbb840) of type: BasicImage
18/01/2016 20:29:31 (Std) 	[ImageManager] Created image: 'TaharezLook/NewCloseButtonPressed' (0x2fbba50) of type: BasicImage
18/01/2016 20:29:31 (Std) 	[ImageManager] Created image: 'TaharezLook/MultiLineEditboxLeft' (0x2fbbd80) of type: BasicImage
18/01/2016 20:29:31 (Std) 	[ImageManager] Created image: 'TaharezLook/MultiLineEditboxRight' (0x2fbc0b0) of type: BasicImage
18/01/2016 20:29:31 (Std) 	[ImageManager] Created image: 'TaharezLook/MultiLineEditboxTop' (0x2fbc3e0) of type: BasicImage
18/01/2016 20:29:31 (Std) 	[ImageManager] Created image: 'TaharezLook/MultiLineEditboxBottom' (0x2fbc5f0) of type: BasicImage
18/01/2016 20:29:31 (Std) 	[ImageManager] Created image: 'TaharezLook/MultiLineEditboxTopLeft' (0x2fbc940) of type: BasicImage
18/01/2016 20:29:31 (Std) 	[ImageManager] Created image: 'TaharezLook/MultiLineEditboxTopRight' (0x2fbcc90) of type: BasicImage
18/01/2016 20:29:31 (Std) 	[ImageManager] Created image: 'TaharezLook/MultiLineEditboxBottomLeft' (0x2fbcfe0) of type: BasicImage
18/01/2016 20:29:31 (Std) 	[ImageManager] Created image: 'TaharezLook/MultiLineEditboxBottomRight' (0x2fbd400) of type: BasicImage
18/01/2016 20:29:31 (Std) 	[ImageManager] Created image: 'TaharezLook/MultiLineEditboxBackdrop' (0x2fbd770) of type: BasicImage
18/01/2016 20:29:31 (Std) 	[ImageManager] Created image: 'TaharezLook/MultiLineEditboxSelectionBrush' (0x2fbdac0) of type: BasicImage
18/01/2016 20:29:31 (Std) 	[ImageManager] Created image: 'TaharezLook/MouseTarget' (0x2fbe490) of type: BasicImage
18/01/2016 20:29:31 (Std) 	[ImageManager] Created image: 'TaharezLook/MouseArrow' (0x2fbde50) of type: BasicImage
18/01/2016 20:29:31 (Std) 	[ImageManager] Created image: 'TaharezLook/MouseMoveCursor' (0x2fbe9c0) of type: BasicImage
18/01/2016 20:29:31 (Std) 	[ImageManager] Created image: 'TaharezLook/MouseNoSoCursor' (0x2fbebd0) of type: BasicImage
18/01/2016 20:29:31 (Std) 	[ImageManager] Created image: 'TaharezLook/MouseEsWeCursor' (0x2fbede0) of type: BasicImage
18/01/2016 20:29:31 (Std) 	[ImageManager] Created image: 'TaharezLook/MouseNeSwCursor' (0x2fbeff0) of type: BasicImage
18/01/2016 20:29:31 (Std) 	[ImageManager] Created image: 'TaharezLook/MouseNwSeCursor' (0x2fbf200) of type: BasicImage
18/01/2016 20:29:31 (Std) 	[ImageManager] Created image: 'TaharezLook/MouseTextBar' (0x2fbf410) of type: BasicImage
18/01/2016 20:29:31 (Std) 	[ImageManager] Created image: 'TaharezLook/TabHorizontalFiller' (0x2fbe6a0) of type: BasicImage
18/01/2016 20:29:31 (Std) 	[ImageManager] Created image: 'TaharezLook/TabContentPaneUpperLeft' (0x2fbe060) of type: BasicImage
18/01/2016 20:29:31 (Std) 	[ImageManager] Created image: 'TaharezLook/TabContentPaneUpper' (0x2fbf620) of type: BasicImage
18/01/2016 20:29:31 (Std) 	[ImageManager] Created image: 'TaharezLook/TabContentPaneUpperRight' (0x2fbf830) of type: BasicImage
18/01/2016 20:29:31 (Std) 	[ImageManager] Created image: 'TaharezLook/TabContentPaneLeft' (0x303fb90) of type: BasicImage
18/01/2016 20:29:31 (Std) 	[ImageManager] Created image: 'TaharezLook/TabContentPaneRight' (0x303fcb0) of type: BasicImage
18/01/2016 20:29:31 (Std) 	[ImageManager] Created image: 'TaharezLook/TabContentPaneLower' (0x303fec0) of type: BasicImage
18/01/2016 20:29:31 (Std) 	[ImageManager] Created image: 'TaharezLook/TabContentPaneLowerLeft' (0x30400d0) of type: BasicImage
18/01/2016 20:29:31 (Std) 	[ImageManager] Created image: 'TaharezLook/TabContentPaneLowerRight' (0x30402e0) of type: BasicImage
18/01/2016 20:29:31 (Std) 	[ImageManager] Created image: 'TaharezLook/TabContentPaneMiddle' (0x30404f0) of type: BasicImage
18/01/2016 20:29:31 (Std) 	[ImageManager] Created image: 'TaharezLook/TabButtonScrollLeftNormal' (0x3040700) of type: BasicImage
18/01/2016 20:29:31 (Std) 	[ImageManager] Created image: 'TaharezLook/TabButtonScrollRightNormal' (0x30409b0) of type: BasicImage
18/01/2016 20:29:31 (Std) 	[ImageManager] Created image: 'TaharezLook/TabButtonScrollLeftHover' (0x3040dd0) of type: BasicImage
18/01/2016 20:29:31 (Std) 	[ImageManager] Created image: 'TaharezLook/TabButtonScrollRightHover' (0x3041080) of type: BasicImage
18/01/2016 20:29:31 (Std) 	[ImageManager] Created image: 'TaharezLook/TabButtonLeftNormal' (0x30413d0) of type: BasicImage
18/01/2016 20:29:31 (Std) 	[ImageManager] Created image: 'TaharezLook/TabButtonRightNormal' (0x30415e0) of type: BasicImage
18/01/2016 20:29:31 (Std) 	[ImageManager] Created image: 'TaharezLook/TabButtonUpperNormal' (0x30417f0) of type: BasicImage
18/01/2016 20:29:31 (Std) 	[ImageManager] Created image: 'TaharezLook/TabButtonLowerNormal' (0x3041b20) of type: BasicImage
18/01/2016 20:29:31 (Std) 	[ImageManager] Created image: 'TaharezLook/TabButtonUpperLeftNormal' (0x3041fe0) of type: BasicImage
18/01/2016 20:29:31 (Std) 	[ImageManager] Created image: 'TaharezLook/TabButtonUpperLeft2Normal' (0x30423d0) of type: BasicImage
18/01/2016 20:29:31 (Std) 	[ImageManager] Created image: 'TaharezLook/TabButtonUpperRightNormal' (0x3042720) of type: BasicImage
18/01/2016 20:29:31 (Std) 	[ImageManager] Created image: 'TaharezLook/TabButtonLowerLeftNormal' (0x3042a70) of type: BasicImage
18/01/2016 20:29:31 (Std) 	[ImageManager] Created image: 'TaharezLook/TabButtonLowerRightNormal' (0x3042dc0) of type: BasicImage
18/01/2016 20:29:31 (Std) 	[ImageManager] Created image: 'TaharezLook/TabButtonLowerRight2Normal' (0x30432a0) of type: BasicImage
18/01/2016 20:29:31 (Std) 	[ImageManager] Created image: 'TaharezLook/TabButtonMiddleNormal' (0x2f241d0) of type: BasicImage
18/01/2016 20:29:31 (Std) 	[ImageManager] Created image: 'TaharezLook/TabButtonLeftSelected' (0x30437b0) of type: BasicImage
18/01/2016 20:29:31 (Std) 	[ImageManager] Created image: 'TaharezLook/TabButtonRightSelected' (0x30439c0) of type: BasicImage
18/01/2016 20:29:31 (Std) 	[ImageManager] Created image: 'TaharezLook/TabButtonUpperSelected' (0x3043db0) of type: BasicImage
18/01/2016 20:29:31 (Std) 	[ImageManager] Created image: 'TaharezLook/TabButtonLowerSelected' (0x3044100) of type: BasicImage
18/01/2016 20:29:31 (Std) 	[ImageManager] Created image: 'TaharezLook/TabButtonUpperLeftSelected' (0x30445e0) of type: BasicImage
18/01/2016 20:29:31 (Std) 	[ImageManager] Created image: 'TaharezLook/TabButtonUpperRightSelected' (0x3044a00) of type: BasicImage
18/01/2016 20:29:31 (Std) 	[ImageManager] Created image: 'TaharezLook/TabButtonLowerLeftSelected' (0x3044d70) of type: BasicImage
18/01/2016 20:29:31 (Std) 	[ImageManager] Created image: 'TaharezLook/TabButtonLowerRightSelected' (0x30450e0) of type: BasicImage
18/01/2016 20:29:31 (Std) 	[ImageManager] Created image: 'TaharezLook/TabButtonMiddleSelected' (0x3045450) of type: BasicImage
18/01/2016 20:29:31 (Std) 	[ImageManager] Created image: 'TaharezLook/TooltipTopLeft' (0x3045660) of type: BasicImage
18/01/2016 20:29:31 (Std) 	[ImageManager] Created image: 'TaharezLook/TooltipTopRight' (0x3045870) of type: BasicImage
18/01/2016 20:29:31 (Std) 	[ImageManager] Created image: 'TaharezLook/TooltipBottomLeft' (0x3045a80) of type: BasicImage
18/01/2016 20:29:31 (Std) 	[ImageManager] Created image: 'TaharezLook/TooltipBottomRight' (0x3045c90) of type: BasicImage
18/01/2016 20:29:31 (Std) 	[ImageManager] Created image: 'TaharezLook/TooltipLeftEdge' (0x3045ea0) of type: BasicImage
18/01/2016 20:29:31 (Std) 	[ImageManager] Created image: 'TaharezLook/TooltipRightEdge' (0x30460b0) of type: BasicImage
18/01/2016 20:29:31 (Std) 	[ImageManager] Created image: 'TaharezLook/TooltipTopEdge' (0x30462c0) of type: BasicImage
18/01/2016 20:29:31 (Std) 	[ImageManager] Created image: 'TaharezLook/TooltipBottomEdge' (0x30464d0) of type: BasicImage
18/01/2016 20:29:31 (Std) 	[ImageManager] Created image: 'TaharezLook/TooltipMiddle' (0x30466e0) of type: BasicImage
18/01/2016 20:29:31 (Std) 	[ImageManager] Created image: 'TaharezLook/MenuTopLeft' (0x30468f0) of type: BasicImage
18/01/2016 20:29:31 (Std) 	[ImageManager] Created image: 'TaharezLook/MenuTopRight' (0x3046b00) of type: BasicImage
18/01/2016 20:29:31 (Std) 	[ImageManager] Created image: 'TaharezLook/MenuBottomLeft' (0x3046d10) of type: BasicImage
18/01/2016 20:29:31 (Std) 	[ImageManager] Created image: 'TaharezLook/MenuBottomRight' (0x3046f20) of type: BasicImage
18/01/2016 20:29:31 (Std) 	[ImageManager] Created image: 'TaharezLook/MenuLeft' (0x3047130) of type: BasicImage
18/01/2016 20:29:31 (Std) 	[ImageManager] Created image: 'TaharezLook/MenuRight' (0x3047340) of type: BasicImage
18/01/2016 20:29:31 (Std) 	[ImageManager] Created image: 'TaharezLook/MenuTop' (0x3047550) of type: BasicImage
18/01/2016 20:29:31 (Std) 	[ImageManager] Created image: 'TaharezLook/MenuBottom' (0x3047760) of type: BasicImage
18/01/2016 20:29:31 (Std) 	[ImageManager] Created image: 'TaharezLook/MenuMiddle' (0x3047970) of type: BasicImage
18/01/2016 20:29:31 (Std) 	[ImageManager] Created image: 'TaharezLook/PopupMenuFrameTopLeft' (0x3047b80) of type: BasicImage
18/01/2016 20:29:31 (Std) 	[ImageManager] Created image: 'TaharezLook/PopupMenuFrameTopRight' (0x3047d90) of type: BasicImage
18/01/2016 20:29:31 (Std) 	[ImageManager] Created image: 'TaharezLook/PopupMenuFrameBottomLeft' (0x3048180) of type: BasicImage
18/01/2016 20:29:31 (Std) 	[ImageManager] Created image: 'TaharezLook/PopupMenuFrameBottomRight' (0x30484d0) of type: BasicImage
18/01/2016 20:29:31 (Std) 	[ImageManager] Created image: 'TaharezLook/PopupMenuFrameLeft' (0x3048820) of type: BasicImage
18/01/2016 20:29:31 (Std) 	[ImageManager] Created image: 'TaharezLook/PopupMenuFrameRight' (0x3048a30) of type: BasicImage
18/01/2016 20:29:31 (Std) 	[ImageManager] Created image: 'TaharezLook/PopupMenuFrameTop' (0x3048c40) of type: BasicImage
18/01/2016 20:29:31 (Std) 	[ImageManager] Created image: 'TaharezLook/PopupMenuFrameBottom' (0x3048e50) of type: BasicImage
18/01/2016 20:29:31 (Std) 	[ImageManager] Created image: 'TaharezLook/PopupMenuMiddle' (0x3049060) of type: BasicImage
18/01/2016 20:29:31 (Std) 	[ImageManager] Created image: 'TaharezLook/PopupMenuArrowRight' (0x3049270) of type: BasicImage
18/01/2016 20:29:31 (Std) 	[ImageManager] Created image: 'TaharezLook/PopupMenuArrowLeft' (0x3049480) of type: BasicImage
18/01/2016 20:29:31 (Std) 	[ImageManager] Created image: 'TaharezLook/TreeListClosed' (0x3049690) of type: BasicImage
18/01/2016 20:29:31 (Std) 	[ImageManager] Created image: 'TaharezLook/TreeListOpened' (0x30498a0) of type: BasicImage
18/01/2016 20:29:31 (Std) 	[ImageManager] Created image: 'TaharezLook/SUPRIMA' (0x3049ab0) of type: BasicImage
18/01/2016 20:29:31 (Std) 	---- Returning existing instance of Font named 'DejaVuSans-12'.
18/01/2016 20:29:31 (Std) 	===== Falagard 'root' element: look and feel parsing begins =====
18/01/2016 20:29:31 (Std) 	===== Look and feel parsing completed =====
18/01/2016 20:29:31 (Std) 	No window renderer factories specified for module 'CEGUICoreWindowRendererSet' - adding all available factories...
18/01/2016 20:29:31 (Std) 	Created WindowRendererFactory for 'Core/Button' WindowRenderers.
18/01/2016 20:29:31 (Std) 	WindowRendererFactory 'Core/Button' added. (0x29f8fb0)
18/01/2016 20:29:31 (Std) 	Created WindowRendererFactory for 'Core/Default' WindowRenderers.
18/01/2016 20:29:31 (Std) 	WindowRendererFactory 'Core/Default' added. (0x2468260)
18/01/2016 20:29:31 (Std) 	Created WindowRendererFactory for 'Core/Editbox' WindowRenderers.
18/01/2016 20:29:31 (Std) 	WindowRendererFactory 'Core/Editbox' added. (0x2467810)
18/01/2016 20:29:31 (Std) 	Created WindowRendererFactory for 'Core/FrameWindow' WindowRenderers.
18/01/2016 20:29:31 (Std) 	WindowRendererFactory 'Core/FrameWindow' added. (0x24679b0)
18/01/2016 20:29:31 (Std) 	Created WindowRendererFactory for 'Core/ItemEntry' WindowRenderers.
18/01/2016 20:29:31 (Std) 	WindowRendererFactory 'Core/ItemEntry' added. (0x31bf8d0)
18/01/2016 20:29:31 (Std) 	Created WindowRendererFactory for 'Core/ListHeader' WindowRenderers.
18/01/2016 20:29:31 (Std) 	WindowRendererFactory 'Core/ListHeader' added. (0x318ec40)
18/01/2016 20:29:31 (Std) 	Created WindowRendererFactory for 'Core/ListHeaderSegment' WindowRenderers.
18/01/2016 20:29:31 (Std) 	WindowRendererFactory 'Core/ListHeaderSegment' added. (0x318ede0)
18/01/2016 20:29:31 (Std) 	Created WindowRendererFactory for 'Core/Listbox' WindowRenderers.
18/01/2016 20:29:31 (Std) 	WindowRendererFactory 'Core/Listbox' added. (0x31ca390)
18/01/2016 20:29:31 (Std) 	Created WindowRendererFactory for 'Core/Menubar' WindowRenderers.
18/01/2016 20:29:31 (Std) 	WindowRendererFactory 'Core/Menubar' added. (0x31ca530)
18/01/2016 20:29:31 (Std) 	Created WindowRendererFactory for 'Core/MenuItem' WindowRenderers.
18/01/2016 20:29:31 (Std) 	WindowRendererFactory 'Core/MenuItem' added. (0x31befe0)
18/01/2016 20:29:31 (Std) 	Created WindowRendererFactory for 'Core/MultiColumnList' WindowRenderers.
18/01/2016 20:29:31 (Std) 	WindowRendererFactory 'Core/MultiColumnList' added. (0x31bf180)
18/01/2016 20:29:31 (Std) 	Created WindowRendererFactory for 'Core/MultiLineEditbox' WindowRenderers.
18/01/2016 20:29:31 (Std) 	WindowRendererFactory 'Core/MultiLineEditbox' added. (0x3175100)
18/01/2016 20:29:31 (Std) 	Created WindowRendererFactory for 'Core/PopupMenu' WindowRenderers.
18/01/2016 20:29:31 (Std) 	WindowRendererFactory 'Core/PopupMenu' added. (0x31752a0)
18/01/2016 20:29:31 (Std) 	Created WindowRendererFactory for 'Core/ProgressBar' WindowRenderers.
18/01/2016 20:29:31 (Std) 	WindowRendererFactory 'Core/ProgressBar' added. (0x3175360)
18/01/2016 20:29:31 (Std) 	Created WindowRendererFactory for 'Core/ScrollablePane' WindowRenderers.
18/01/2016 20:29:31 (Std) 	WindowRendererFactory 'Core/ScrollablePane' added. (0x3124ce0)
18/01/2016 20:29:31 (Std) 	Created WindowRendererFactory for 'Core/Scrollbar' WindowRenderers.
18/01/2016 20:29:31 (Std) 	WindowRendererFactory 'Core/Scrollbar' added. (0x2467320)
18/01/2016 20:29:31 (Std) 	Created WindowRendererFactory for 'Core/Slider' WindowRenderers.
18/01/2016 20:29:31 (Std) 	WindowRendererFactory 'Core/Slider' added. (0x24674c0)
18/01/2016 20:29:31 (Std) 	Created WindowRendererFactory for 'Core/Static' WindowRenderers.
18/01/2016 20:29:31 (Std) 	WindowRendererFactory 'Core/Static' added. (0x2467660)
18/01/2016 20:29:31 (Std) 	Created WindowRendererFactory for 'Core/StaticImage' WindowRenderers.
18/01/2016 20:29:31 (Std) 	WindowRendererFactory 'Core/StaticImage' added. (0x2f2d9d0)
18/01/2016 20:29:31 (Std) 	Created WindowRendererFactory for 'Core/StaticText' WindowRenderers.
18/01/2016 20:29:31 (Std) 	WindowRendererFactory 'Core/StaticText' added. (0x31addb0)
18/01/2016 20:29:31 (Std) 	Created WindowRendererFactory for 'Core/TabButton' WindowRenderers.
18/01/2016 20:29:31 (Std) 	WindowRendererFactory 'Core/TabButton' added. (0x31adf50)
18/01/2016 20:29:31 (Std) 	Created WindowRendererFactory for 'Core/TabControl' WindowRenderers.
18/01/2016 20:29:31 (Std) 	WindowRendererFactory 'Core/TabControl' added. (0x31ae0f0)
18/01/2016 20:29:31 (Std) 	Created WindowRendererFactory for 'Core/Titlebar' WindowRenderers.
18/01/2016 20:29:31 (Std) 	WindowRendererFactory 'Core/Titlebar' added. (0x31ae290)
18/01/2016 20:29:31 (Std) 	Created WindowRendererFactory for 'Core/ToggleButton' WindowRenderers.
18/01/2016 20:29:31 (Std) 	WindowRendererFactory 'Core/ToggleButton' added. (0x31ae430)
18/01/2016 20:29:31 (Std) 	Created WindowRendererFactory for 'Core/Tooltip' WindowRenderers.
18/01/2016 20:29:31 (Std) 	WindowRendererFactory 'Core/Tooltip' added. (0x31c8ba0)
18/01/2016 20:29:31 (Std) 	Created WindowRendererFactory for 'Core/ItemListbox' WindowRenderers.
18/01/2016 20:29:31 (Std) 	WindowRendererFactory 'Core/ItemListbox' added. (0x31c8d40)
18/01/2016 20:29:31 (Std) 	Created WindowRendererFactory for 'Core/Tree' WindowRenderers.
18/01/2016 20:29:31 (Std) 	WindowRendererFactory 'Core/Tree' added. (0x31c8ee0)
18/01/2016 20:29:31 (Std) 	Creating falagard mapping for type 'TaharezLook/Label' using base type 'DefaultWindow', window renderer 'Core/Default' Look'N'Feel 'TaharezLook/Label' and RenderEffect ''. (0x7ffcc2519990)
18/01/2016 20:29:31 (Std) 	Creating falagard mapping for type 'TaharezLook/Button' using base type 'CEGUI/PushButton', window renderer 'Core/Button' Look'N'Feel 'TaharezLook/Button' and RenderEffect ''. (0x7ffcc2519990)
18/01/2016 20:29:31 (Std) 	Creating falagard mapping for type 'TaharezLook/Checkbox' using base type 'CEGUI/ToggleButton', window renderer 'Core/ToggleButton' Look'N'Feel 'TaharezLook/Checkbox' and RenderEffect ''. (0x7ffcc2519990)
18/01/2016 20:29:31 (Std) 	Creating falagard mapping for type 'TaharezLook/ImageButton' using base type 'CEGUI/PushButton', window renderer 'Core/Button' Look'N'Feel 'TaharezLook/ImageButton' and RenderEffect ''. (0x7ffcc2519990)
18/01/2016 20:29:31 (Std) 	Creating falagard mapping for type 'TaharezLook/RadioButton' using base type 'CEGUI/RadioButton', window renderer 'Core/ToggleButton' Look'N'Feel 'TaharezLook/RadioButton' and RenderEffect ''. (0x7ffcc2519990)
18/01/2016 20:29:31 (Std) 	Creating falagard mapping for type 'TaharezLook/FrameWindow' using base type 'CEGUI/FrameWindow', window renderer 'Core/FrameWindow' Look'N'Feel 'TaharezLook/FrameWindow' and RenderEffect ''. (0x7ffcc2519990)
18/01/2016 20:29:31 (Std) 	Creating falagard mapping for type 'TaharezLook/Titlebar' using base type 'CEGUI/Titlebar', window renderer 'Core/Titlebar' Look'N'Feel 'TaharezLook/Titlebar' and RenderEffect ''. (0x7ffcc2519990)
18/01/2016 20:29:31 (Std) 	Creating falagard mapping for type 'TaharezLook/Editbox' using base type 'CEGUI/Editbox', window renderer 'Core/Editbox' Look'N'Feel 'TaharezLook/Editbox' and RenderEffect ''. (0x7ffcc2519990)
18/01/2016 20:29:31 (Std) 	Creating falagard mapping for type 'TaharezLook/MultiLineEditbox' using base type 'CEGUI/MultiLineEditbox', window renderer 'Core/MultiLineEditbox' Look'N'Feel 'TaharezLook/MultiLineEditbox' and RenderEffect ''. (0x7ffcc2519990)
18/01/2016 20:29:31 (Std) 	Creating falagard mapping for type 'TaharezLook/Menubar' using base type 'CEGUI/Menubar', window renderer 'Core/Menubar' Look'N'Feel 'TaharezLook/Menubar' and RenderEffect ''. (0x7ffcc2519990)
18/01/2016 20:29:31 (Std) 	Creating falagard mapping for type 'TaharezLook/PopupMenu' using base type 'CEGUI/PopupMenu', window renderer 'Core/PopupMenu' Look'N'Feel 'TaharezLook/PopupMenu' and RenderEffect ''. (0x7ffcc2519990)
18/01/2016 20:29:31 (Std) 	Creating falagard mapping for type 'TaharezLook/MenuItem' using base type 'CEGUI/MenuItem', window renderer 'Core/MenuItem' Look'N'Feel 'TaharezLook/MenuItem' and RenderEffect ''. (0x7ffcc2519990)
18/01/2016 20:29:31 (Std) 	Creating falagard mapping for type 'TaharezLook/AlternateProgressBar' using base type 'CEGUI/ProgressBar', window renderer 'Core/ProgressBar' Look'N'Feel 'TaharezLook/AltProgressBar' and RenderEffect ''. (0x7ffcc2519990)
18/01/2016 20:29:31 (Std) 	Creating falagard mapping for type 'TaharezLook/ProgressBar' using base type 'CEGUI/ProgressBar', window renderer 'Core/ProgressBar' Look'N'Feel 'TaharezLook/ProgressBar' and RenderEffect ''. (0x7ffcc2519990)
18/01/2016 20:29:31 (Std) 	Creating falagard mapping for type 'TaharezLook/VUMeter' using base type 'CEGUI/ProgressBar', window renderer 'Core/ProgressBar' Look'N'Feel 'TaharezLook/VUMeter' and RenderEffect ''. (0x7ffcc2519990)
18/01/2016 20:29:31 (Std) 	Creating falagard mapping for type 'TaharezLook/VerticalScrollbar' using base type 'CEGUI/Scrollbar', window renderer 'Core/Scrollbar' Look'N'Feel 'TaharezLook/VerticalScrollbar' and RenderEffect ''. (0x7ffcc2519990)
18/01/2016 20:29:31 (Std) 	Creating falagard mapping for type 'TaharezLook/HorizontalScrollbar' using base type 'CEGUI/Scrollbar', window renderer 'Core/Scrollbar' Look'N'Feel 'TaharezLook/HorizontalScrollbar' and RenderEffect ''. (0x7ffcc2519990)
18/01/2016 20:29:31 (Std) 	Creating falagard mapping for type 'TaharezLook/VerticalScrollbarThumb' using base type 'CEGUI/Thumb', window renderer 'Core/Button' Look'N'Feel 'TaharezLook/VerticalScrollbarThumb' and RenderEffect ''. (0x7ffcc2519990)
18/01/2016 20:29:31 (Std) 	Creating falagard mapping for type 'TaharezLook/HorizontalScrollbarThumb' using base type 'CEGUI/Thumb', window renderer 'Core/Button' Look'N'Feel 'TaharezLook/HorizontalScrollbarThumb' and RenderEffect ''. (0x7ffcc2519990)
18/01/2016 20:29:31 (Std) 	Creating falagard mapping for type 'TaharezLook/LargeVerticalScrollbar' using base type 'CEGUI/Scrollbar', window renderer 'Core/Scrollbar' Look'N'Feel 'TaharezLook/LargeVerticalScrollbar' and RenderEffect ''. (0x7ffcc2519990)
18/01/2016 20:29:31 (Std) 	Creating falagard mapping for type 'TaharezLook/LargeVerticalScrollbarThumb' using base type 'CEGUI/Thumb', window renderer 'Core/Button' Look'N'Feel 'TaharezLook/LargeVerticalScrollbarThumb' and RenderEffect ''. (0x7ffcc2519990)
18/01/2016 20:29:31 (Std) 	Creating falagard mapping for type 'TaharezLook/TabButton' using base type 'CEGUI/TabButton', window renderer 'Core/TabButton' Look'N'Feel 'TaharezLook/TabButton' and RenderEffect ''. (0x7ffcc2519990)
18/01/2016 20:29:31 (Std) 	Creating falagard mapping for type 'TaharezLook/TabControl' using base type 'CEGUI/TabControl', window renderer 'Core/TabControl' Look'N'Feel 'TaharezLook/TabControl' and RenderEffect ''. (0x7ffcc2519990)
18/01/2016 20:29:31 (Std) 	Creating falagard mapping for type 'TaharezLook/TabContentPane' using base type 'DefaultWindow', window renderer 'Core/Default' Look'N'Feel 'TaharezLook/TabContentPane' and RenderEffect ''. (0x7ffcc2519990)
18/01/2016 20:29:31 (Std) 	Creating falagard mapping for type 'TaharezLook/TabButtonPane' using base type 'DefaultWindow', window renderer 'Core/Default' Look'N'Feel 'TaharezLook/TabButtonPane' and RenderEffect ''. (0x7ffcc2519990)
18/01/2016 20:29:31 (Std) 	Creating falagard mapping for type 'TaharezLook/ComboDropList' using base type 'CEGUI/ComboDropList', window renderer 'Core/Listbox' Look'N'Feel 'TaharezLook/ComboDropList' and RenderEffect ''. (0x7ffcc2519990)
18/01/2016 20:29:31 (Std) 	Creating falagard mapping for type 'TaharezLook/ComboEditbox' using base type 'CEGUI/Editbox', window renderer 'Core/Editbox' Look'N'Feel 'TaharezLook/ComboEditbox' and RenderEffect ''. (0x7ffcc2519990)
18/01/2016 20:29:31 (Std) 	Creating falagard mapping for type 'TaharezLook/Combobox' using base type 'CEGUI/Combobox', window renderer 'Core/Default' Look'N'Feel 'TaharezLook/Combobox' and RenderEffect ''. (0x7ffcc2519990)
18/01/2016 20:29:31 (Std) 	Creating falagard mapping for type 'TaharezLook/Listbox' using base type 'CEGUI/Listbox', window renderer 'Core/Listbox' Look'N'Feel 'TaharezLook/Listbox' and RenderEffect ''. (0x7ffcc2519990)
18/01/2016 20:29:31 (Std) 	Creating falagard mapping for type 'TaharezLook/ListHeader' using base type 'CEGUI/ListHeader', window renderer 'Core/ListHeader' Look'N'Feel 'TaharezLook/ListHeader' and RenderEffect ''. (0x7ffcc2519990)
18/01/2016 20:29:31 (Std) 	Creating falagard mapping for type 'TaharezLook/ListHeaderSegment' using base type 'CEGUI/ListHeaderSegment', window renderer 'Core/ListHeaderSegment' Look'N'Feel 'TaharezLook/ListHeaderSegment' and RenderEffect ''. (0x7ffcc2519990)
18/01/2016 20:29:31 (Std) 	Creating falagard mapping for type 'TaharezLook/MultiColumnList' using base type 'CEGUI/MultiColumnList', window renderer 'Core/MultiColumnList' Look'N'Feel 'TaharezLook/MultiColumnList' and RenderEffect ''. (0x7ffcc2519990)
18/01/2016 20:29:31 (Std) 	Creating falagard mapping for type 'TaharezLook/Slider' using base type 'CEGUI/Slider', window renderer 'Core/Slider' Look'N'Feel 'TaharezLook/Slider' and RenderEffect ''. (0x7ffcc2519990)
18/01/2016 20:29:31 (Std) 	Creating falagard mapping for type 'TaharezLook/SliderThumb' using base type 'CEGUI/Thumb', window renderer 'Core/Button' Look'N'Feel 'TaharezLook/SliderThumb' and RenderEffect ''. (0x7ffcc2519990)
18/01/2016 20:29:31 (Std) 	Creating falagard mapping for type 'TaharezLook/ScrollablePane' using base type 'CEGUI/ScrollablePane', window renderer 'Core/ScrollablePane' Look'N'Feel 'TaharezLook/ScrollablePane' and RenderEffect ''. (0x7ffcc2519990)
18/01/2016 20:29:31 (Std) 	Creating falagard mapping for type 'TaharezLook/Spinner' using base type 'CEGUI/Spinner', window renderer 'Core/Default' Look'N'Feel 'TaharezLook/Spinner' and RenderEffect ''. (0x7ffcc2519990)
18/01/2016 20:29:31 (Std) 	Creating falagard mapping for type 'TaharezLook/Tooltip' using base type 'CEGUI/Tooltip', window renderer 'Core/Tooltip' Look'N'Feel 'TaharezLook/Tooltip' and RenderEffect ''. (0x7ffcc2519990)
18/01/2016 20:29:31 (Std) 	Creating falagard mapping for type 'TaharezLook/StaticImage' using base type 'DefaultWindow', window renderer 'Core/StaticImage' Look'N'Feel 'TaharezLook/StaticImage' and RenderEffect ''. (0x7ffcc2519990)
18/01/2016 20:29:31 (Std) 	Creating falagard mapping for type 'TaharezLook/StaticText' using base type 'DefaultWindow', window renderer 'Core/StaticText' Look'N'Feel 'TaharezLook/StaticText' and RenderEffect ''. (0x7ffcc2519990)
18/01/2016 20:29:31 (Std) 	Creating falagard mapping for type 'TaharezLook/ItemListbox' using base type 'CEGUI/ItemListbox', window renderer 'Core/ItemListbox' Look'N'Feel 'TaharezLook/ItemListbox' and RenderEffect ''. (0x7ffcc2519990)
18/01/2016 20:29:31 (Std) 	Creating falagard mapping for type 'TaharezLook/ListboxItem' using base type 'CEGUI/ItemEntry', window renderer 'Core/ItemEntry' Look'N'Feel 'TaharezLook/ListboxItem' and RenderEffect ''. (0x7ffcc2519990)
18/01/2016 20:29:31 (Std) 	Creating falagard mapping for type 'TaharezLook/GroupBox' using base type 'DefaultWindow', window renderer 'Core/Default' Look'N'Feel 'TaharezLook/GroupBox' and RenderEffect ''. (0x7ffcc2519990)
18/01/2016 20:29:31 (Std) 	Creating falagard mapping for type 'TaharezLook/Tree' using base type 'CEGUI/Tree', window renderer 'Core/Tree' Look'N'Feel 'TaharezLook/Tree' and RenderEffect ''. (0x7ffcc2519990)
18/01/2016 20:29:33 (Std) 	[OgreRenderer] Created texture: _ogre_tt_tex_0
18/01/2016 20:29:33 (Std) 	---- Successfully completed loading of GUI layout from 'menu_principal.layout' ----
18/01/2016 20:29:33 (Std) 	[OgreRenderer] Created texture: DejaVuSans-12_auto_glyph_images_32
