22:08:15: Creating resource group General
22:08:15: Creating resource group Internal
22:08:15: Creating resource group Autodetect
22:08:15: SceneManagerFactory for type 'DefaultSceneManager' registered.
22:08:15: Registering ResourceManager for type Material
22:08:15: Registering ResourceManager for type Mesh
22:08:15: Registering ResourceManager for type Skeleton
22:08:15: MovableObjectFactory for type 'ParticleSystem' registered.
22:08:15: ArchiveFactory for archive type FileSystem registered.
22:08:15: ArchiveFactory for archive type Zip registered.
22:08:15: ArchiveFactory for archive type EmbeddedZip registered.
22:08:15: DDS codec registering
22:08:15: FreeImage version: 3.15.4
22:08:15: This program uses FreeImage, a free, open source image library supporting all common bitmap formats. See http://freeimage.sourceforge.net for details
22:08:15: Supported formats: bmp,ico,jpg,jif,jpeg,jpe,jng,koa,iff,lbm,mng,pbm,pbm,pcd,pcx,pgm,pgm,png,ppm,ppm,ras,tga,targa,tif,tiff,wap,wbmp,wbm,psd,cut,xbm,xpm,gif,hdr,g3,sgi,exr,j2k,j2c,jp2,pfm,pct,pict,pic,3fr,arw,bay,bmq,cap,cine,cr2,crw,cs1,dc2,dcr,drf,dsc,dng,erf,fff,ia,iiq,k25,kc2,kdc,mdc,mef,mos,mrw,nef,nrw,orf,pef,ptx,pxn,qtk,raf,raw,rdc,rw2,rwl,rwz,sr2,srf,srw,sti
22:08:15: Registering ResourceManager for type HighLevelGpuProgram
22:08:15: Registering ResourceManager for type Compositor
22:08:15: MovableObjectFactory for type 'Entity' registered.
22:08:15: MovableObjectFactory for type 'Light' registered.
22:08:15: MovableObjectFactory for type 'BillboardSet' registered.
22:08:15: MovableObjectFactory for type 'ManualObject' registered.
22:08:15: MovableObjectFactory for type 'BillboardChain' registered.
22:08:15: MovableObjectFactory for type 'RibbonTrail' registered.
22:08:15: Loading library /usr/lib/x86_64-linux-gnu/OGRE-1.9.0/RenderSystem_GL
22:08:15: Installing plugin: GL RenderSystem
22:08:15: OpenGL Rendering Subsystem created.
22:08:15: Plugin successfully installed
22:08:15: Loading library /usr/lib/x86_64-linux-gnu/OGRE-1.9.0/Plugin_ParticleFX
22:08:15: Installing plugin: ParticleFX
22:08:15: Particle Emitter Type 'Point' registered
22:08:15: Particle Emitter Type 'Box' registered
22:08:15: Particle Emitter Type 'Ellipsoid' registered
22:08:15: Particle Emitter Type 'Cylinder' registered
22:08:15: Particle Emitter Type 'Ring' registered
22:08:15: Particle Emitter Type 'HollowEllipsoid' registered
22:08:15: Particle Affector Type 'LinearForce' registered
22:08:15: Particle Affector Type 'ColourFader' registered
22:08:15: Particle Affector Type 'ColourFader2' registered
22:08:15: Particle Affector Type 'ColourImage' registered
22:08:15: Particle Affector Type 'ColourInterpolator' registered
22:08:15: Particle Affector Type 'Scaler' registered
22:08:15: Particle Affector Type 'Rotator' registered
22:08:15: Particle Affector Type 'DirectionRandomiser' registered
22:08:15: Particle Affector Type 'DeflectorPlane' registered
22:08:15: Plugin successfully installed
22:08:15: *-*-* OGRE Initialising
22:08:15: *-*-* Version 1.9.0 (Ghadamon)
22:08:15: CPU Identifier & Features
22:08:15: -------------------------
22:08:15:  *   CPU ID: GenuineIntel: Intel(R) Core(TM) i7-4500U CPU @ 1.80GHz
22:08:15:  *      SSE: yes
22:08:15:  *     SSE2: yes
22:08:15:  *     SSE3: yes
22:08:15:  *      MMX: yes
22:08:15:  *   MMXEXT: yes
22:08:15:  *    3DNOW: no
22:08:15:  * 3DNOWEXT: no
22:08:15:  *     CMOV: yes
22:08:15:  *      TSC: yes
22:08:15:  *      FPU: yes
22:08:15:  *      PRO: yes
22:08:15:  *       HT: no
22:08:15: -------------------------
22:08:15: ******************************
*** Starting GLX Subsystem ***
******************************
22:08:15: Registering ResourceManager for type Texture
22:08:15: GLRenderSystem::_createRenderWindow "X man!", 1024x768 windowed  miscParams: FSAA=0 displayFrequency=75 Hz gamma=No vsync=No 
22:08:15: GLXWindow::create used FBConfigID = 333
22:08:15: GL_VERSION = 4.5.0 NVIDIA 346.96
22:08:15: GL_VENDOR = NVIDIA Corporation
22:08:15: GL_RENDERER = GeForce GT 740M/PCIe/SSE2
22:08:15: GL_EXTENSIONS = GL_AMD_multi_draw_indirect GL_AMD_seamless_cubemap_per_texture GL_ARB_arrays_of_arrays GL_ARB_base_instance GL_ARB_bindless_texture GL_ARB_blend_func_extended GL_ARB_buffer_storage GL_ARB_clear_buffer_object GL_ARB_clear_texture GL_ARB_clip_control GL_ARB_color_buffer_float GL_ARB_compatibility GL_ARB_compressed_texture_pixel_storage GL_ARB_conservative_depth GL_ARB_compute_shader GL_ARB_compute_variable_group_size GL_ARB_conditional_render_inverted GL_ARB_copy_buffer GL_ARB_copy_image GL_ARB_cull_distance GL_ARB_debug_output GL_ARB_depth_buffer_float GL_ARB_depth_clamp GL_ARB_depth_texture GL_ARB_derivative_control GL_ARB_direct_state_access GL_ARB_draw_buffers GL_ARB_draw_buffers_blend GL_ARB_draw_indirect GL_ARB_draw_elements_base_vertex GL_ARB_draw_instanced GL_ARB_enhanced_layouts GL_ARB_ES2_compatibility GL_ARB_ES3_compatibility GL_ARB_ES3_1_compatibility GL_ARB_explicit_attrib_location GL_ARB_explicit_uniform_location GL_ARB_fragment_coord_conventions GL_ARB_fragment_layer_viewport GL_ARB_fragment_program GL_ARB_fragment_program_shadow GL_ARB_fragment_shader GL_ARB_framebuffer_no_attachments GL_ARB_framebuffer_object GL_ARB_framebuffer_sRGB GL_ARB_geometry_shader4 GL_ARB_get_program_binary GL_ARB_get_texture_sub_image GL_ARB_gpu_shader5 GL_ARB_gpu_shader_fp64 GL_ARB_half_float_pixel GL_ARB_half_float_vertex GL_ARB_imaging GL_ARB_indirect_parameters GL_ARB_instanced_arrays GL_ARB_internalformat_query GL_ARB_internalformat_query2 GL_NV_internalformat_sample_query GL_ARB_invalidate_subdata GL_ARB_map_buffer_alignment GL_ARB_map_buffer_range GL_ARB_multi_bind GL_ARB_multi_draw_indirect GL_ARB_multisample GL_ARB_multitexture GL_ARB_occlusion_query GL_ARB_occlusion_query2 GL_ARB_pipeline_statistics_query GL_ARB_pixel_buffer_object GL_ARB_point_parameters GL_ARB_point_sprite GL_ARB_program_interface_query GL_ARB_provoking_vertex GL_ARB_robust_buffer_access_behavior GL_ARB_robustness GL_ARB_sample_shading GL_ARB_sampler_objects GL_ARB_seamless_cube_map GL_ARB_seamless_cubemap_per_texture GL_ARB_separate_shader_objects GL_ARB_shader_atomic_counters GL_ARB_shader_bit_encoding GL_ARB_shader_draw_parameters GL_ARB_shader_group_vote GL_ARB_shader_image_load_store GL_ARB_shader_image_size GL_ARB_shader_objects GL_ARB_shader_precision GL_ARB_query_buffer_object GL_ARB_shader_storage_buffer_object GL_ARB_shader_subroutine GL_ARB_shader_texture_image_samples GL_ARB_shader_texture_lod GL_ARB_shading_language_100 GL_ARB_shading_language_420pack GL_ARB_shading_language_include GL_ARB_shading_language_packing GL_ARB_shadow GL_ARB_sparse_buffer GL_ARB_sparse_texture GL_ARB_stencil_texturing GL_ARB_sync GL_ARB_tessellation_shader GL_ARB_texture_barrier GL_ARB_texture_border_clamp GL_ARB_texture_buffer_object GL_ARB_texture_buffer_object_rgb32 GL_ARB_texture_buffer_range GL_ARB_texture_compression GL_ARB_texture_compression_bptc GL_ARB_texture_compression_rgtc GL_ARB_texture_cube_map GL_ARB_texture_cube_map_array GL_ARB_texture_env_add GL_ARB_texture_env_combine GL_ARB_texture_env_crossbar GL_ARB_texture_env_dot3 GL_ARB_texture_float GL_ARB_texture_gather GL_ARB_texture_mirror_clamp_to_edge GL_ARB_texture_mirrored_repeat GL_ARB_texture_multisample GL_ARB_texture_non_power_of_two GL_ARB_texture_query_levels GL_ARB_texture_query_lod GL_ARB_texture_rectangle GL_ARB_texture_rg GL_ARB_texture_rgb10_a2ui GL_ARB_texture_stencil8 GL_ARB_texture_storage GL_ARB_texture_storage_multisample GL_ARB_texture_swizzle GL_ARB_texture_view GL_ARB_timer_query GL_ARB_transform_feedback2 GL_ARB_transform_feedback3 GL_ARB_transform_feedback_instanced GL_ARB_transform_feedback_overflow_query GL_ARB_transpose_matrix GL_ARB_uniform_buffer_object GL_ARB_vertex_array_bgra GL_ARB_vertex_array_object GL_ARB_vertex_attrib_64bit GL_ARB_vertex_attrib_binding GL_ARB_vertex_buffer_object GL_ARB_vertex_program GL_ARB_vertex_shader GL_ARB_vertex_type_10f_11f_11f_rev GL_ARB_vertex_type_2_10_10_10_rev GL_ARB_viewport_array GL_ARB_window_pos GL_ATI_draw_buffers GL_ATI_texture_float GL_ATI_texture_mirror_once GL_S3_s3tc GL_EXT_texture_env_add GL_EXT_abgr GL_EXT_bgra GL_EXT_bindable_uniform GL_EXT_blend_color GL_EXT_blend_equation_separate GL_EXT_blend_func_separate GL_EXT_blend_minmax GL_EXT_blend_subtract GL_EXT_compiled_vertex_array GL_EXT_Cg_shader GL_EXT_depth_bounds_test GL_EXT_direct_state_access GL_EXT_draw_buffers2 GL_EXT_draw_instanced GL_EXT_draw_range_elements GL_EXT_fog_coord GL_EXT_framebuffer_blit GL_EXT_framebuffer_multisample GL_EXTX_framebuffer_mixed_formats GL_EXT_framebuffer_multisample_blit_scaled GL_EXT_framebuffer_object GL_EXT_framebuffer_sRGB GL_EXT_geometry_shader4 GL_EXT_gpu_program_parameters GL_EXT_gpu_shader4 GL_EXT_multi_draw_arrays GL_EXT_packed_depth_stencil GL_EXT_packed_float GL_EXT_packed_pixels GL_EXT_pixel_buffer_object GL_EXT_point_parameters GL_EXT_polygon_offset_clamp GL_EXT_provoking_vertex GL_EXT_rescale_normal GL_EXT_secondary_color GL_EXT_separate_shader_objects GL_EXT_separate_specular_color GL_EXT_shader_image_load_store GL_EXT_shader_integer_mix GL_EXT_shadow_funcs GL_EXT_stencil_two_side GL_EXT_stencil_wrap GL_EXT_texture3D GL_EXT_texture_array GL_EXT_texture_buffer_object GL_EXT_texture_compression_dxt1 GL_EXT_texture_compression_latc GL_EXT_texture_compression_rgtc GL_EXT_texture_compression_s3tc GL_EXT_texture_cube_map GL_EXT_texture_edge_clamp GL_EXT_texture_env_combine GL_EXT_texture_env_dot3 GL_EXT_texture_filter_anisotropic GL_EXT_texture_integer GL_EXT_texture_lod GL_EXT_texture_lod_bias GL_EXT_texture_mirror_clamp GL_EXT_texture_object GL_EXT_texture_shared_exponent GL_EXT_texture_sRGB GL_EXT_texture_sRGB_decode GL_EXT_texture_storage GL_EXT_texture_swizzle GL_EXT_timer_query GL_EXT_transform_feedback2 GL_EXT_vertex_array GL_EXT_vertex_array_bgra GL_EXT_vertex_attrib_64bit GL_EXT_x11_sync_object GL_EXT_import_sync_object GL_IBM_rasterpos_clip GL_IBM_texture_mirrored_repeat GL_KHR_context_flush_control GL_KHR_debug GL_KHR_robust_buffer_access_behavior GL_KHR_robustness GL_KTX_buffer_region GL_NV_bindless_multi_draw_indirect GL_NV_bindless_multi_draw_indirect_count GL_NV_bindless_texture GL_NV_blend_equation_advanced GL_NV_blend_square GL_NV_command_list GL_NV_compute_program5 GL_NV_conditional_render GL_NV_copy_depth_to_color GL_NV_copy_image GL_NV_depth_buffer_float GL_NV_depth_clamp GL_NV_draw_texture GL_NV_ES1_1_compatibility GL_NV_ES3_1_compatibility GL_NV_explicit_multisample GL_NV_fence GL_NV_float_buffer GL_NV_fog_distance GL_NV_fragment_program GL_NV_fragment_program_option GL_NV_fragment_program2 GL_NV_framebuffer_multisample_coverage GL_NV_geometry_shader4 GL_NV_gpu_program4 GL_NV_gpu_program4_1 GL_NV_gpu_program5 GL_NV_gpu_program5_mem_extended GL_NV_gpu_program_fp64 GL_NV_gpu_shader5 GL_NV_half_float GL_NV_light_max_exponent GL_NV_multisample_coverage GL_NV_multisample_filter_hint GL_NV_occlusion_query GL_NV_packed_depth_stencil GL_NV_parameter_buffer_object GL_NV_parameter_buffer_object2 GL_NV_path_rendering GL_NV_pixel_data_range GL_NV_point_sprite GL_NV_primitive_restart GL_NV_register_combiners GL_NV_register_combiners2 GL_NV_shader_atomic_counters GL_NV_shader_atomic_float GL_NV_shader_atomic_int64 GL_NV_shader_buffer_load GL_NV_shader_storage_buffer_object GL_NV_texgen_reflection GL_NV_texture_barrier GL_NV_texture_compression_vtc GL_NV_texture_env_combine4 GL_NV_texture_multisample GL_NV_texture_rectangle GL_NV_texture_shader GL_NV_texture_shader2 GL_NV_texture_shader3 GL_NV_transform_feedback GL_NV_transform_feedback2 GL_NV_uniform_buffer_unified_memory GL_NV_vdpau_interop GL_NV_vertex_array_range GL_NV_vertex_array_range2 GL_NV_vertex_attrib_integer_64bit GL_NV_vertex_buffer_unified_memory GL_NV_vertex_program GL_NV_vertex_program1_1 GL_NV_vertex_program2 GL_NV_vertex_program2_option GL_NV_vertex_program3 GL_NVX_conditional_render GL_NVX_gpu_memory_info GL_NVX_nvenc_interop GL_NV_shader_thread_group GL_NV_shader_thread_shuffle GL_KHR_blend_equation_advanced GL_SGIS_generate_mipmap GL_SGIS_texture_lod GL_SGIX_depth_texture GL_SGIX_shadow GL_SUN_slice_accum 
22:08:15: Supported GLX extensions: GLX_EXT_visual_info GLX_EXT_visual_rating GLX_SGIX_fbconfig GLX_SGIX_pbuffer GLX_SGI_video_sync GLX_SGI_swap_control GLX_EXT_swap_control GLX_EXT_swap_control_tear GLX_EXT_texture_from_pixmap GLX_EXT_buffer_age GLX_ARB_create_context GLX_ARB_create_context_profile GLX_EXT_create_context_es_profile GLX_EXT_create_context_es2_profile GLX_ARB_create_context_robustness GLX_NV_delay_before_swap GLX_EXT_stereo_tree GLX_ARB_context_flush_control GLX_ARB_multisample GLX_NV_float_buffer GLX_ARB_fbconfig_float GLX_EXT_framebuffer_sRGB GLX_NV_multisample_coverage GLX_NV_copy_image GLX_ARB_get_proc_address 
22:08:15: ***************************
22:08:15: *** GL Renderer Started ***
22:08:15: ***************************
22:08:15: Registering ResourceManager for type GpuProgram
22:08:15: GLSL support detected
22:08:15: GL: Using GL_EXT_framebuffer_object for rendering to textures (best)
22:08:15: FBO PF_UNKNOWN depth/stencil support: D0S8 D16S0 D24S0 D32S0 Packed-D24S8 
22:08:15: FBO PF_L8 depth/stencil support: D0S0 D0S8 D16S0 D24S0 D32S0 Packed-D24S8 
22:08:15: FBO PF_A8 depth/stencil support: D0S0 D0S8 D16S0 D24S0 D32S0 Packed-D24S8 
22:08:15: FBO PF_A4L4 depth/stencil support: D0S0 D0S8 D16S0 D24S0 D32S0 Packed-D24S8 
22:08:15: FBO PF_BYTE_LA depth/stencil support: D0S0 D0S8 D16S0 D24S0 D32S0 Packed-D24S8 
22:08:15: FBO PF_R5G6B5 depth/stencil support: D0S0 D0S8 D16S0 D24S0 D32S0 Packed-D24S8 
22:08:15: FBO PF_B5G6R5 depth/stencil support: D0S0 D0S8 D16S0 D24S0 D32S0 Packed-D24S8 
22:08:15: FBO PF_A4R4G4B4 depth/stencil support: D0S0 D0S8 D16S0 D24S0 D32S0 Packed-D24S8 
22:08:15: FBO PF_A1R5G5B5 depth/stencil support: D0S0 D0S8 D16S0 D24S0 D32S0 Packed-D24S8 
22:08:15: FBO PF_R8G8B8 depth/stencil support: D0S0 D0S8 D16S0 D24S0 D32S0 Packed-D24S8 
22:08:15: FBO PF_B8G8R8 depth/stencil support: D0S0 D0S8 D16S0 D24S0 D32S0 Packed-D24S8 
22:08:15: FBO PF_A8R8G8B8 depth/stencil support: D0S0 D0S8 D16S0 D24S0 D32S0 Packed-D24S8 
22:08:15: FBO PF_B8G8R8A8 depth/stencil support: D0S0 D0S8 D16S0 D24S0 D32S0 Packed-D24S8 
22:08:15: FBO PF_A2R10G10B10 depth/stencil support: D0S0 D0S8 D16S0 D24S0 D32S0 Packed-D24S8 
22:08:15: FBO PF_A2B10G10R10 depth/stencil support: D0S0 D0S8 D16S0 D24S0 D32S0 Packed-D24S8 
22:08:15: FBO PF_FLOAT16_RGB depth/stencil support: D0S0 D0S8 D16S0 D24S0 D32S0 Packed-D24S8 
22:08:15: FBO PF_FLOAT16_RGBA depth/stencil support: D0S0 D0S8 D16S0 D24S0 D32S0 Packed-D24S8 
22:08:15: FBO PF_FLOAT32_RGB depth/stencil support: D0S0 D0S8 D16S0 D24S0 D32S0 Packed-D24S8 
22:08:15: FBO PF_FLOAT32_RGBA depth/stencil support: D0S0 D0S8 D16S0 D24S0 D32S0 Packed-D24S8 
22:08:15: FBO PF_X8R8G8B8 depth/stencil support: D0S0 D0S8 D16S0 D24S0 D32S0 Packed-D24S8 
22:08:15: FBO PF_X8B8G8R8 depth/stencil support: D0S0 D0S8 D16S0 D24S0 D32S0 Packed-D24S8 
22:08:15: FBO PF_SHORT_RGBA depth/stencil support: D0S0 D0S8 D16S0 D24S0 D32S0 Packed-D24S8 
22:08:15: FBO PF_R3G3B2 depth/stencil support: D0S0 D0S8 D16S0 D24S0 D32S0 Packed-D24S8 
22:08:15: FBO PF_FLOAT16_R depth/stencil support: D0S0 D0S8 D16S0 D24S0 D32S0 Packed-D24S8 
22:08:15: FBO PF_FLOAT32_R depth/stencil support: D0S0 D0S8 D16S0 D24S0 D32S0 Packed-D24S8 
22:08:15: FBO PF_FLOAT16_GR depth/stencil support: D0S0 D0S8 D16S0 D24S0 D32S0 Packed-D24S8 
22:08:15: FBO PF_FLOAT32_GR depth/stencil support: D0S0 D0S8 D16S0 D24S0 D32S0 Packed-D24S8 
22:08:15: FBO PF_SHORT_RGB depth/stencil support: D0S0 D0S8 D16S0 D24S0 D32S0 Packed-D24S8 
22:08:15: [GL] : Valid FBO targets PF_UNKNOWN PF_L8 PF_A8 PF_A4L4 PF_BYTE_LA PF_R5G6B5 PF_B5G6R5 PF_A4R4G4B4 PF_A1R5G5B5 PF_R8G8B8 PF_B8G8R8 PF_A8R8G8B8 PF_B8G8R8A8 PF_A2R10G10B10 PF_A2B10G10R10 PF_FLOAT16_RGB PF_FLOAT16_RGBA PF_FLOAT32_RGB PF_FLOAT32_RGBA PF_X8R8G8B8 PF_X8B8G8R8 PF_SHORT_RGBA PF_R3G3B2 PF_FLOAT16_R PF_FLOAT32_R PF_FLOAT16_GR PF_FLOAT32_GR PF_SHORT_RGB 
22:08:15: RenderSystem capabilities
22:08:15: -------------------------
22:08:15: RenderSystem Name: OpenGL Rendering Subsystem
22:08:15: GPU Vendor: nvidia
22:08:15: Device Name: GeForce GT 740M/PCIe/SSE2
22:08:15: Driver Version: 4.5.0.0
22:08:15:  * Fixed function pipeline: yes
22:08:15:  * Hardware generation of mipmaps: yes
22:08:15:  * Texture blending: yes
22:08:15:  * Anisotropic texture filtering: yes
22:08:15:  * Dot product texture operation: yes
22:08:15:  * Cube mapping: yes
22:08:15:  * Hardware stencil buffer: yes
22:08:15:    - Stencil depth: 8
22:08:15:    - Two sided stencil support: yes
22:08:15:    - Wrap stencil values: yes
22:08:15:  * Hardware vertex / index buffers: yes
22:08:15:  * Vertex programs: yes
22:08:15:  * Number of floating-point constants for vertex programs: 1024
22:08:15:  * Number of integer constants for vertex programs: 0
22:08:15:  * Number of boolean constants for vertex programs: 0
22:08:15:  * Fragment programs: yes
22:08:15:  * Number of floating-point constants for fragment programs: 512
22:08:15:  * Number of integer constants for fragment programs: 0
22:08:15:  * Number of boolean constants for fragment programs: 0
22:08:15:  * Geometry programs: yes
22:08:15:  * Number of floating-point constants for geometry programs: 2048
22:08:15:  * Number of integer constants for geometry programs: 0
22:08:15:  * Number of boolean constants for geometry programs: 0
22:08:15:  * Tesselation Hull programs: no
22:08:15:  * Number of floating-point constants for tesselation hull programs: 0
22:08:15:  * Number of integer constants for tesselation hull programs: 0
22:08:15:  * Number of boolean constants for tesselation hull programs: 0
22:08:15:  * Tesselation Domain programs: no
22:08:15:  * Number of floating-point constants for tesselation domain programs: 0
22:08:15:  * Number of integer constants for tesselation domain programs: 0
22:08:15:  * Number of boolean constants for tesselation domain programs: 0
22:08:15:  * Compute programs: no
22:08:15:  * Number of floating-point constants for compute programs: 0
22:08:15:  * Number of integer constants for compute programs: 0
22:08:15:  * Number of boolean constants for compute programs: 0
22:08:15:  * Supported Shader Profiles: arbfp1 arbvp1 fp20 fp30 fp40 glsl gp4fp gp4gp gp4vp gpu_fp gpu_gp gpu_vp nvgp4 vp30 vp40
22:08:15:  * Texture Compression: yes
22:08:15:    - DXT: yes
22:08:15:    - VTC: yes
22:08:15:    - PVRTC: no
22:08:15:    - ATC: no
22:08:15:    - ETC1: no
22:08:15:    - ETC2: no
22:08:15:    - BC4/BC5: no
22:08:15:    - BC6H/BC7: no
22:08:15:  * Scissor Rectangle: yes
22:08:15:  * Hardware Occlusion Query: yes
22:08:15:  * User clip planes: yes
22:08:15:  * VET_UBYTE4 vertex element type: yes
22:08:15:  * Infinite far plane projection: yes
22:08:15:  * Hardware render-to-texture: yes
22:08:15:  * Floating point textures: yes
22:08:15:  * Non-power-of-two textures: yes
22:08:15:  * 1d textures: yes
22:08:15:  * Volume textures: yes
22:08:15:  * Multiple Render Targets: 8
22:08:15:    - With different bit depths: yes
22:08:15:  * Point Sprites: yes
22:08:15:  * Extended point parameters: yes
22:08:15:  * Max Point Size: 2047
22:08:15:  * Vertex texture fetch: yes
22:08:15:  * Number of world matrices: 0
22:08:15:  * Number of texture units: 16
22:08:15:  * Stencil buffer depth: 8
22:08:15:  * Number of vertex blend matrices: 0
22:08:15:    - Max vertex textures: 32
22:08:15:    - Vertex textures shared: yes
22:08:15:  * Render to Vertex Buffer : yes
22:08:15:  * Hardware Atomic Counters: no
22:08:15:  * GL 1.5 without VBO workaround: no
22:08:15:  * Frame Buffer objects: yes
22:08:15:  * Frame Buffer objects (ARB extension): no
22:08:15:  * Frame Buffer objects (ATI extension): no
22:08:15:  * PBuffer support: yes
22:08:15:  * GL 1.5 without HW-occlusion workaround: no
22:08:15:  * Vertex Array Objects: no
22:08:15:  * Separate shader objects: no
22:08:15: DefaultWorkQueue('Root') initialising on thread 7ffff7fa9840.
22:08:15: DefaultWorkQueue('Root')::WorkerFunc - thread 7fffe5f81700 starting.
22:08:15: DefaultWorkQueue('Root')::WorkerFunc - thread 7fffe5780700 starting.
22:08:15: DefaultWorkQueue('Root')::WorkerFunc - thread 7fffe4f7f700 starting.
22:08:15: Particle Renderer Type 'billboard' registered
22:08:15: DefaultWorkQueue('Root')::WorkerFunc - thread 7fffdffff700 starting.
22:08:16: OverlayElementFactory for type Panel registered.
22:08:16: OverlayElementFactory for type BorderPanel registered.
22:08:16: OverlayElementFactory for type TextArea registered.
22:08:16: Registering ResourceManager for type Font
22:08:16: Creating resource group Fonts
22:08:16: Added resource location 'media/cegui/fonts' of type 'FileSystem' to resource group 'Fonts'
22:08:16: Added resource location 'media' of type 'FileSystem' to resource group 'General'
22:08:16: Added resource location 'media/intro.zip' of type 'Zip' to resource group 'General'
22:08:16: Added resource location 'media/menu.zip' of type 'Zip' to resource group 'General'
22:08:16: Added resource location 'media/mousePointer.zip' of type 'Zip' to resource group 'General'
22:08:16: Creating resource group Imagesets
22:08:16: Added resource location 'media/cegui/imagesets' of type 'FileSystem' to resource group 'Imagesets'
22:08:16: Creating resource group Layouts
22:08:16: Added resource location 'media/cegui/layouts' of type 'FileSystem' to resource group 'Layouts'
22:08:16: Creating resource group Level1
22:08:16: Added resource location 'media/levels/level1' of type 'FileSystem' to resource group 'Level1'
22:08:16: Creating resource group LookNFeel
22:08:16: Added resource location 'media/cegui/looknfeel' of type 'FileSystem' to resource group 'LookNFeel'
22:08:16: Creating resource group Schemes
22:08:16: Added resource location 'media/cegui/schemes' of type 'FileSystem' to resource group 'Schemes'
22:08:16: Creating resource group xml_schemas
22:08:16: Added resource location 'media/cegui/xml_schemas' of type 'FileSystem' to resource group 'xml_schemas'
22:08:16: Parsing scripts for resource group Autodetect
22:08:16: Finished parsing scripts for resource group Autodetect
22:08:16: Creating resources for group Autodetect
22:08:16: All done
22:08:16: Parsing scripts for resource group Fonts
22:08:16: Finished parsing scripts for resource group Fonts
22:08:16: Creating resources for group Fonts
22:08:16: All done
22:08:16: Parsing scripts for resource group General
22:08:16: Parsing script intro.material
22:08:16: Parsing script menu.material
22:08:16: Parsing script mousePointer.material
22:08:16: Parsing script intro.overlay
22:08:16: Texture: intro.png: Loading 1 faces(PF_A8R8G8B8,1024x768x1) with 10 hardware generated mipmaps from Image. Internal format is PF_A8R8G8B8,1024x768x1.
22:08:16: Parsing script menu.overlay
22:08:16: Texture: menuFondo.png: Loading 1 faces(PF_A8R8G8B8,1024x768x1) with 10 hardware generated mipmaps from Image. Internal format is PF_A8R8G8B8,1024x768x1.
22:08:16: Parsing script mousePointer.overlay
22:08:16: Texture: mousePointer.png: Loading 1 faces(PF_A8R8G8B8,29x27x1) with 4 hardware generated mipmaps from Image. Internal format is PF_A8R8G8B8,29x27x1.
22:08:16: Finished parsing scripts for resource group General
22:08:16: Creating resources for group General
22:08:16: All done
22:08:16: Parsing scripts for resource group Imagesets
22:08:16: Finished parsing scripts for resource group Imagesets
22:08:16: Creating resources for group Imagesets
22:08:16: All done
22:08:16: Parsing scripts for resource group Internal
22:08:16: Finished parsing scripts for resource group Internal
22:08:16: Creating resources for group Internal
22:08:16: All done
22:08:16: Parsing scripts for resource group Layouts
22:08:16: Finished parsing scripts for resource group Layouts
22:08:16: Creating resources for group Layouts
22:08:16: All done
22:08:16: Parsing scripts for resource group Level1
22:08:16: Parsing script walls.material
22:08:16: Parsing script pacman.material
22:08:16: Finished parsing scripts for resource group Level1
22:08:16: Creating resources for group Level1
22:08:16: All done
22:08:16: Parsing scripts for resource group LookNFeel
22:08:16: Finished parsing scripts for resource group LookNFeel
22:08:16: Creating resources for group LookNFeel
22:08:16: All done
22:08:16: Parsing scripts for resource group Schemes
22:08:16: Finished parsing scripts for resource group Schemes
22:08:16: Creating resources for group Schemes
22:08:16: All done
22:08:16: Parsing scripts for resource group xml_schemas
22:08:16: Finished parsing scripts for resource group xml_schemas
22:08:16: Creating resources for group xml_schemas
22:08:16: All done
22:08:16: Registering ResourceManager for type Track
22:08:16: Registering ResourceManager for type SoundFX
22:08:16: Mesh: Loading walls.mesh.
22:08:16: Texture: walls.png: Loading 1 faces(PF_A8R8G8B8,1024x1024x1) with 10 hardware generated mipmaps from Image. Internal format is PF_A8R8G8B8,1024x1024x1.
22:08:16: Texture: spot_shadow_fade.png: Loading 1 faces(PF_R8G8B8,128x128x1) with 7 hardware generated mipmaps from Image. Internal format is PF_X8R8G8B8,128x128x1.
22:08:17: Mesh: Loading ball.mesh.
22:08:17: Can't assign material _missing_material_ to SubEntity of ball_0 because this Material does not exist. Have you forgotten to define it in a .material script?
22:08:17: Can't assign material _missing_material_ to SubEntity of ball_1 because this Material does not exist. Have you forgotten to define it in a .material script?
22:08:17: Can't assign material _missing_material_ to SubEntity of ball_2 because this Material does not exist. Have you forgotten to define it in a .material script?
22:08:17: Can't assign material _missing_material_ to SubEntity of ball_3 because this Material does not exist. Have you forgotten to define it in a .material script?
22:08:17: Can't assign material _missing_material_ to SubEntity of ball_4 because this Material does not exist. Have you forgotten to define it in a .material script?
22:08:17: Can't assign material _missing_material_ to SubEntity of ball_5 because this Material does not exist. Have you forgotten to define it in a .material script?
22:08:17: Can't assign material _missing_material_ to SubEntity of ball_6 because this Material does not exist. Have you forgotten to define it in a .material script?
22:08:17: Can't assign material _missing_material_ to SubEntity of ball_7 because this Material does not exist. Have you forgotten to define it in a .material script?
22:08:17: Can't assign material _missing_material_ to SubEntity of ball_8 because this Material does not exist. Have you forgotten to define it in a .material script?
22:08:17: Can't assign material _missing_material_ to SubEntity of ball_9 because this Material does not exist. Have you forgotten to define it in a .material script?
22:08:17: Can't assign material _missing_material_ to SubEntity of ball_10 because this Material does not exist. Have you forgotten to define it in a .material script?
22:08:17: Can't assign material _missing_material_ to SubEntity of ball_11 because this Material does not exist. Have you forgotten to define it in a .material script?
22:08:17: Can't assign material _missing_material_ to SubEntity of ball_12 because this Material does not exist. Have you forgotten to define it in a .material script?
22:08:17: Can't assign material _missing_material_ to SubEntity of ball_13 because this Material does not exist. Have you forgotten to define it in a .material script?
22:08:17: Can't assign material _missing_material_ to SubEntity of ball_14 because this Material does not exist. Have you forgotten to define it in a .material script?
22:08:17: Can't assign material _missing_material_ to SubEntity of ball_15 because this Material does not exist. Have you forgotten to define it in a .material script?
22:08:17: Can't assign material _missing_material_ to SubEntity of ball_16 because this Material does not exist. Have you forgotten to define it in a .material script?
22:08:17: Can't assign material _missing_material_ to SubEntity of ball_17 because this Material does not exist. Have you forgotten to define it in a .material script?
22:08:17: Can't assign material _missing_material_ to SubEntity of ball_18 because this Material does not exist. Have you forgotten to define it in a .material script?
22:08:17: Can't assign material _missing_material_ to SubEntity of ball_19 because this Material does not exist. Have you forgotten to define it in a .material script?
22:08:17: Can't assign material _missing_material_ to SubEntity of ball_20 because this Material does not exist. Have you forgotten to define it in a .material script?
22:08:17: Can't assign material _missing_material_ to SubEntity of ball_21 because this Material does not exist. Have you forgotten to define it in a .material script?
22:08:17: Can't assign material _missing_material_ to SubEntity of ball_22 because this Material does not exist. Have you forgotten to define it in a .material script?
22:08:17: Can't assign material _missing_material_ to SubEntity of ball_23 because this Material does not exist. Have you forgotten to define it in a .material script?
22:08:17: Can't assign material _missing_material_ to SubEntity of ball_24 because this Material does not exist. Have you forgotten to define it in a .material script?
22:08:17: Can't assign material _missing_material_ to SubEntity of ball_25 because this Material does not exist. Have you forgotten to define it in a .material script?
22:08:17: Can't assign material _missing_material_ to SubEntity of ball_26 because this Material does not exist. Have you forgotten to define it in a .material script?
22:08:17: Can't assign material _missing_material_ to SubEntity of ball_27 because this Material does not exist. Have you forgotten to define it in a .material script?
22:08:17: Can't assign material _missing_material_ to SubEntity of ball_28 because this Material does not exist. Have you forgotten to define it in a .material script?
22:08:17: Can't assign material _missing_material_ to SubEntity of ball_29 because this Material does not exist. Have you forgotten to define it in a .material script?
22:08:17: Can't assign material _missing_material_ to SubEntity of ball_30 because this Material does not exist. Have you forgotten to define it in a .material script?
22:08:17: Can't assign material _missing_material_ to SubEntity of ball_31 because this Material does not exist. Have you forgotten to define it in a .material script?
22:08:17: Can't assign material _missing_material_ to SubEntity of ball_32 because this Material does not exist. Have you forgotten to define it in a .material script?
22:08:17: Can't assign material _missing_material_ to SubEntity of ball_33 because this Material does not exist. Have you forgotten to define it in a .material script?
22:08:17: Can't assign material _missing_material_ to SubEntity of ball_34 because this Material does not exist. Have you forgotten to define it in a .material script?
22:08:17: Can't assign material _missing_material_ to SubEntity of ball_35 because this Material does not exist. Have you forgotten to define it in a .material script?
22:08:17: Can't assign material _missing_material_ to SubEntity of ball_36 because this Material does not exist. Have you forgotten to define it in a .material script?
22:08:17: Can't assign material _missing_material_ to SubEntity of ball_37 because this Material does not exist. Have you forgotten to define it in a .material script?
22:08:17: Can't assign material _missing_material_ to SubEntity of ball_38 because this Material does not exist. Have you forgotten to define it in a .material script?
22:08:17: Can't assign material _missing_material_ to SubEntity of ball_39 because this Material does not exist. Have you forgotten to define it in a .material script?
22:08:17: Can't assign material _missing_material_ to SubEntity of ball_40 because this Material does not exist. Have you forgotten to define it in a .material script?
22:08:17: Can't assign material _missing_material_ to SubEntity of ball_41 because this Material does not exist. Have you forgotten to define it in a .material script?
22:08:17: Can't assign material _missing_material_ to SubEntity of ball_42 because this Material does not exist. Have you forgotten to define it in a .material script?
22:08:17: Can't assign material _missing_material_ to SubEntity of ball_43 because this Material does not exist. Have you forgotten to define it in a .material script?
22:08:17: Can't assign material _missing_material_ to SubEntity of ball_44 because this Material does not exist. Have you forgotten to define it in a .material script?
22:08:17: Can't assign material _missing_material_ to SubEntity of ball_45 because this Material does not exist. Have you forgotten to define it in a .material script?
22:08:17: Can't assign material _missing_material_ to SubEntity of ball_46 because this Material does not exist. Have you forgotten to define it in a .material script?
22:08:17: Can't assign material _missing_material_ to SubEntity of ball_47 because this Material does not exist. Have you forgotten to define it in a .material script?
22:08:17: Can't assign material _missing_material_ to SubEntity of ball_48 because this Material does not exist. Have you forgotten to define it in a .material script?
22:08:17: Can't assign material _missing_material_ to SubEntity of ball_49 because this Material does not exist. Have you forgotten to define it in a .material script?
22:08:17: Can't assign material _missing_material_ to SubEntity of ball_50 because this Material does not exist. Have you forgotten to define it in a .material script?
22:08:17: Can't assign material _missing_material_ to SubEntity of ball_51 because this Material does not exist. Have you forgotten to define it in a .material script?
22:08:17: Can't assign material _missing_material_ to SubEntity of ball_52 because this Material does not exist. Have you forgotten to define it in a .material script?
22:08:17: Can't assign material _missing_material_ to SubEntity of ball_53 because this Material does not exist. Have you forgotten to define it in a .material script?
22:08:17: Can't assign material _missing_material_ to SubEntity of ball_54 because this Material does not exist. Have you forgotten to define it in a .material script?
22:08:17: Can't assign material _missing_material_ to SubEntity of ball_55 because this Material does not exist. Have you forgotten to define it in a .material script?
22:08:17: Can't assign material _missing_material_ to SubEntity of ball_56 because this Material does not exist. Have you forgotten to define it in a .material script?
22:08:17: Can't assign material _missing_material_ to SubEntity of ball_57 because this Material does not exist. Have you forgotten to define it in a .material script?
22:08:17: Can't assign material _missing_material_ to SubEntity of ball_58 because this Material does not exist. Have you forgotten to define it in a .material script?
22:08:17: Can't assign material _missing_material_ to SubEntity of ball_59 because this Material does not exist. Have you forgotten to define it in a .material script?
22:08:17: Can't assign material _missing_material_ to SubEntity of ball_60 because this Material does not exist. Have you forgotten to define it in a .material script?
22:08:17: Can't assign material _missing_material_ to SubEntity of ball_61 because this Material does not exist. Have you forgotten to define it in a .material script?
22:08:17: Can't assign material _missing_material_ to SubEntity of ball_62 because this Material does not exist. Have you forgotten to define it in a .material script?
22:08:17: Can't assign material _missing_material_ to SubEntity of ball_63 because this Material does not exist. Have you forgotten to define it in a .material script?
22:08:17: Can't assign material _missing_material_ to SubEntity of ball_64 because this Material does not exist. Have you forgotten to define it in a .material script?
22:08:17: Can't assign material _missing_material_ to SubEntity of ball_65 because this Material does not exist. Have you forgotten to define it in a .material script?
22:08:17: Can't assign material _missing_material_ to SubEntity of ball_66 because this Material does not exist. Have you forgotten to define it in a .material script?
22:08:17: Can't assign material _missing_material_ to SubEntity of ball_67 because this Material does not exist. Have you forgotten to define it in a .material script?
22:08:17: Can't assign material _missing_material_ to SubEntity of ball_68 because this Material does not exist. Have you forgotten to define it in a .material script?
22:08:17: Can't assign material _missing_material_ to SubEntity of ball_69 because this Material does not exist. Have you forgotten to define it in a .material script?
22:08:17: Can't assign material _missing_material_ to SubEntity of ball_70 because this Material does not exist. Have you forgotten to define it in a .material script?
22:08:17: Can't assign material _missing_material_ to SubEntity of ball_71 because this Material does not exist. Have you forgotten to define it in a .material script?
22:08:17: Can't assign material _missing_material_ to SubEntity of ball_72 because this Material does not exist. Have you forgotten to define it in a .material script?
22:08:17: Can't assign material _missing_material_ to SubEntity of ball_73 because this Material does not exist. Have you forgotten to define it in a .material script?
22:08:17: Can't assign material _missing_material_ to SubEntity of ball_74 because this Material does not exist. Have you forgotten to define it in a .material script?
22:08:17: Can't assign material _missing_material_ to SubEntity of ball_75 because this Material does not exist. Have you forgotten to define it in a .material script?
22:08:17: Can't assign material _missing_material_ to SubEntity of ball_76 because this Material does not exist. Have you forgotten to define it in a .material script?
22:08:17: Can't assign material _missing_material_ to SubEntity of ball_77 because this Material does not exist. Have you forgotten to define it in a .material script?
22:08:17: Can't assign material _missing_material_ to SubEntity of ball_78 because this Material does not exist. Have you forgotten to define it in a .material script?
22:08:17: Can't assign material _missing_material_ to SubEntity of ball_79 because this Material does not exist. Have you forgotten to define it in a .material script?
22:08:17: Can't assign material _missing_material_ to SubEntity of ball_80 because this Material does not exist. Have you forgotten to define it in a .material script?
22:08:17: Can't assign material _missing_material_ to SubEntity of ball_81 because this Material does not exist. Have you forgotten to define it in a .material script?
22:08:17: Can't assign material _missing_material_ to SubEntity of ball_82 because this Material does not exist. Have you forgotten to define it in a .material script?
22:08:17: Can't assign material _missing_material_ to SubEntity of ball_83 because this Material does not exist. Have you forgotten to define it in a .material script?
22:08:17: Can't assign material _missing_material_ to SubEntity of ball_84 because this Material does not exist. Have you forgotten to define it in a .material script?
22:08:17: Can't assign material _missing_material_ to SubEntity of ball_85 because this Material does not exist. Have you forgotten to define it in a .material script?
22:08:17: Can't assign material _missing_material_ to SubEntity of ball_86 because this Material does not exist. Have you forgotten to define it in a .material script?
22:08:17: Can't assign material _missing_material_ to SubEntity of ball_87 because this Material does not exist. Have you forgotten to define it in a .material script?
22:08:17: Can't assign material _missing_material_ to SubEntity of ball_88 because this Material does not exist. Have you forgotten to define it in a .material script?
22:08:17: Can't assign material _missing_material_ to SubEntity of ball_89 because this Material does not exist. Have you forgotten to define it in a .material script?
22:08:17: Can't assign material _missing_material_ to SubEntity of ball_90 because this Material does not exist. Have you forgotten to define it in a .material script?
22:08:17: Can't assign material _missing_material_ to SubEntity of ball_91 because this Material does not exist. Have you forgotten to define it in a .material script?
22:08:17: Can't assign material _missing_material_ to SubEntity of ball_92 because this Material does not exist. Have you forgotten to define it in a .material script?
22:08:17: Can't assign material _missing_material_ to SubEntity of ball_93 because this Material does not exist. Have you forgotten to define it in a .material script?
22:08:17: Can't assign material _missing_material_ to SubEntity of ball_94 because this Material does not exist. Have you forgotten to define it in a .material script?
22:08:17: Can't assign material _missing_material_ to SubEntity of ball_95 because this Material does not exist. Have you forgotten to define it in a .material script?
22:08:17: Can't assign material _missing_material_ to SubEntity of ball_96 because this Material does not exist. Have you forgotten to define it in a .material script?
22:08:17: Can't assign material _missing_material_ to SubEntity of ball_97 because this Material does not exist. Have you forgotten to define it in a .material script?
22:08:17: Can't assign material _missing_material_ to SubEntity of ball_98 because this Material does not exist. Have you forgotten to define it in a .material script?
22:08:17: Can't assign material _missing_material_ to SubEntity of ball_99 because this Material does not exist. Have you forgotten to define it in a .material script?
22:08:17: Can't assign material _missing_material_ to SubEntity of ball_100 because this Material does not exist. Have you forgotten to define it in a .material script?
22:08:17: Can't assign material _missing_material_ to SubEntity of ball_101 because this Material does not exist. Have you forgotten to define it in a .material script?
22:08:17: Can't assign material _missing_material_ to SubEntity of ball_102 because this Material does not exist. Have you forgotten to define it in a .material script?
22:08:17: Can't assign material _missing_material_ to SubEntity of ball_103 because this Material does not exist. Have you forgotten to define it in a .material script?
22:08:17: Can't assign material _missing_material_ to SubEntity of ball_104 because this Material does not exist. Have you forgotten to define it in a .material script?
22:08:17: Can't assign material _missing_material_ to SubEntity of ball_105 because this Material does not exist. Have you forgotten to define it in a .material script?
22:08:17: Can't assign material _missing_material_ to SubEntity of ball_106 because this Material does not exist. Have you forgotten to define it in a .material script?
22:08:17: Can't assign material _missing_material_ to SubEntity of ball_107 because this Material does not exist. Have you forgotten to define it in a .material script?
22:08:17: Can't assign material _missing_material_ to SubEntity of ball_108 because this Material does not exist. Have you forgotten to define it in a .material script?
22:08:17: Can't assign material _missing_material_ to SubEntity of ball_109 because this Material does not exist. Have you forgotten to define it in a .material script?
22:08:17: Can't assign material _missing_material_ to SubEntity of ball_110 because this Material does not exist. Have you forgotten to define it in a .material script?
22:08:17: Can't assign material _missing_material_ to SubEntity of ball_111 because this Material does not exist. Have you forgotten to define it in a .material script?
22:08:17: Can't assign material _missing_material_ to SubEntity of ball_112 because this Material does not exist. Have you forgotten to define it in a .material script?
22:08:17: Can't assign material _missing_material_ to SubEntity of ball_113 because this Material does not exist. Have you forgotten to define it in a .material script?
22:08:17: Can't assign material _missing_material_ to SubEntity of ball_114 because this Material does not exist. Have you forgotten to define it in a .material script?
22:08:17: Can't assign material _missing_material_ to SubEntity of ball_115 because this Material does not exist. Have you forgotten to define it in a .material script?
22:08:17: Can't assign material _missing_material_ to SubEntity of ball_116 because this Material does not exist. Have you forgotten to define it in a .material script?
22:08:17: Can't assign material _missing_material_ to SubEntity of ball_117 because this Material does not exist. Have you forgotten to define it in a .material script?
22:08:17: Can't assign material _missing_material_ to SubEntity of ball_118 because this Material does not exist. Have you forgotten to define it in a .material script?
22:08:17: Can't assign material _missing_material_ to SubEntity of ball_119 because this Material does not exist. Have you forgotten to define it in a .material script?
22:08:17: Can't assign material _missing_material_ to SubEntity of ball_120 because this Material does not exist. Have you forgotten to define it in a .material script?
22:08:17: Can't assign material _missing_material_ to SubEntity of ball_121 because this Material does not exist. Have you forgotten to define it in a .material script?
22:08:17: Can't assign material _missing_material_ to SubEntity of ball_122 because this Material does not exist. Have you forgotten to define it in a .material script?
22:08:17: Can't assign material _missing_material_ to SubEntity of ball_123 because this Material does not exist. Have you forgotten to define it in a .material script?
22:08:17: Can't assign material _missing_material_ to SubEntity of ball_124 because this Material does not exist. Have you forgotten to define it in a .material script?
22:08:17: Can't assign material _missing_material_ to SubEntity of ball_125 because this Material does not exist. Have you forgotten to define it in a .material script?
22:08:17: Can't assign material _missing_material_ to SubEntity of ball_126 because this Material does not exist. Have you forgotten to define it in a .material script?
22:08:17: Can't assign material _missing_material_ to SubEntity of ball_127 because this Material does not exist. Have you forgotten to define it in a .material script?
22:08:17: Can't assign material _missing_material_ to SubEntity of ball_128 because this Material does not exist. Have you forgotten to define it in a .material script?
22:08:17: Can't assign material _missing_material_ to SubEntity of ball_129 because this Material does not exist. Have you forgotten to define it in a .material script?
22:08:17: Can't assign material _missing_material_ to SubEntity of ball_130 because this Material does not exist. Have you forgotten to define it in a .material script?
22:08:17: Can't assign material _missing_material_ to SubEntity of ball_131 because this Material does not exist. Have you forgotten to define it in a .material script?
22:08:17: Can't assign material _missing_material_ to SubEntity of ball_132 because this Material does not exist. Have you forgotten to define it in a .material script?
22:08:17: Can't assign material _missing_material_ to SubEntity of ball_133 because this Material does not exist. Have you forgotten to define it in a .material script?
22:08:17: Can't assign material _missing_material_ to SubEntity of ball_134 because this Material does not exist. Have you forgotten to define it in a .material script?
22:08:17: Can't assign material _missing_material_ to SubEntity of ball_135 because this Material does not exist. Have you forgotten to define it in a .material script?
22:08:17: Can't assign material _missing_material_ to SubEntity of ball_136 because this Material does not exist. Have you forgotten to define it in a .material script?
22:08:17: Can't assign material _missing_material_ to SubEntity of ball_137 because this Material does not exist. Have you forgotten to define it in a .material script?
22:08:17: Can't assign material _missing_material_ to SubEntity of ball_138 because this Material does not exist. Have you forgotten to define it in a .material script?
22:08:17: Can't assign material _missing_material_ to SubEntity of ball_139 because this Material does not exist. Have you forgotten to define it in a .material script?
22:08:17: Can't assign material _missing_material_ to SubEntity of ball_140 because this Material does not exist. Have you forgotten to define it in a .material script?
22:08:17: Can't assign material _missing_material_ to SubEntity of ball_141 because this Material does not exist. Have you forgotten to define it in a .material script?
22:08:17: Can't assign material _missing_material_ to SubEntity of ball_142 because this Material does not exist. Have you forgotten to define it in a .material script?
22:08:17: Can't assign material _missing_material_ to SubEntity of ball_143 because this Material does not exist. Have you forgotten to define it in a .material script?
22:08:17: Can't assign material _missing_material_ to SubEntity of ball_144 because this Material does not exist. Have you forgotten to define it in a .material script?
22:08:17: Can't assign material _missing_material_ to SubEntity of ball_145 because this Material does not exist. Have you forgotten to define it in a .material script?
22:08:17: Can't assign material _missing_material_ to SubEntity of ball_146 because this Material does not exist. Have you forgotten to define it in a .material script?
22:08:17: Can't assign material _missing_material_ to SubEntity of ball_147 because this Material does not exist. Have you forgotten to define it in a .material script?
22:08:17: Can't assign material _missing_material_ to SubEntity of ball_148 because this Material does not exist. Have you forgotten to define it in a .material script?
22:08:17: Can't assign material _missing_material_ to SubEntity of ball_149 because this Material does not exist. Have you forgotten to define it in a .material script?
22:08:17: Can't assign material _missing_material_ to SubEntity of ball_150 because this Material does not exist. Have you forgotten to define it in a .material script?
22:08:17: Can't assign material _missing_material_ to SubEntity of ball_151 because this Material does not exist. Have you forgotten to define it in a .material script?
22:08:17: Can't assign material _missing_material_ to SubEntity of ball_152 because this Material does not exist. Have you forgotten to define it in a .material script?
22:08:17: Can't assign material _missing_material_ to SubEntity of ball_153 because this Material does not exist. Have you forgotten to define it in a .material script?
22:08:17: Can't assign material _missing_material_ to SubEntity of ball_154 because this Material does not exist. Have you forgotten to define it in a .material script?
22:08:17: Can't assign material _missing_material_ to SubEntity of ball_155 because this Material does not exist. Have you forgotten to define it in a .material script?
22:08:17: Can't assign material _missing_material_ to SubEntity of ball_156 because this Material does not exist. Have you forgotten to define it in a .material script?
22:08:17: Can't assign material _missing_material_ to SubEntity of ball_157 because this Material does not exist. Have you forgotten to define it in a .material script?
22:08:17: Can't assign material _missing_material_ to SubEntity of ball_158 because this Material does not exist. Have you forgotten to define it in a .material script?
22:08:17: Can't assign material _missing_material_ to SubEntity of ball_159 because this Material does not exist. Have you forgotten to define it in a .material script?
22:08:17: Can't assign material _missing_material_ to SubEntity of ball_160 because this Material does not exist. Have you forgotten to define it in a .material script?
22:08:17: Can't assign material _missing_material_ to SubEntity of ball_161 because this Material does not exist. Have you forgotten to define it in a .material script?
22:08:17: Can't assign material _missing_material_ to SubEntity of ball_162 because this Material does not exist. Have you forgotten to define it in a .material script?
22:08:17: Can't assign material _missing_material_ to SubEntity of ball_163 because this Material does not exist. Have you forgotten to define it in a .material script?
22:08:17: Can't assign material _missing_material_ to SubEntity of ball_164 because this Material does not exist. Have you forgotten to define it in a .material script?
22:08:17: Can't assign material _missing_material_ to SubEntity of ball_165 because this Material does not exist. Have you forgotten to define it in a .material script?
22:08:17: Can't assign material _missing_material_ to SubEntity of ball_166 because this Material does not exist. Have you forgotten to define it in a .material script?
22:08:17: Can't assign material _missing_material_ to SubEntity of ball_167 because this Material does not exist. Have you forgotten to define it in a .material script?
22:08:17: Can't assign material _missing_material_ to SubEntity of ball_168 because this Material does not exist. Have you forgotten to define it in a .material script?
22:08:17: Can't assign material _missing_material_ to SubEntity of ball_169 because this Material does not exist. Have you forgotten to define it in a .material script?
22:08:17: Can't assign material _missing_material_ to SubEntity of ball_170 because this Material does not exist. Have you forgotten to define it in a .material script?
22:08:17: Can't assign material _missing_material_ to SubEntity of ball_171 because this Material does not exist. Have you forgotten to define it in a .material script?
22:08:17: Can't assign material _missing_material_ to SubEntity of ball_172 because this Material does not exist. Have you forgotten to define it in a .material script?
22:08:17: Can't assign material _missing_material_ to SubEntity of ball_173 because this Material does not exist. Have you forgotten to define it in a .material script?
22:08:17: Can't assign material _missing_material_ to SubEntity of ball_174 because this Material does not exist. Have you forgotten to define it in a .material script?
22:08:17: Can't assign material _missing_material_ to SubEntity of ball_175 because this Material does not exist. Have you forgotten to define it in a .material script?
22:08:17: Can't assign material _missing_material_ to SubEntity of ball_176 because this Material does not exist. Have you forgotten to define it in a .material script?
22:08:17: Can't assign material _missing_material_ to SubEntity of ball_177 because this Material does not exist. Have you forgotten to define it in a .material script?
22:08:17: Can't assign material _missing_material_ to SubEntity of ball_178 because this Material does not exist. Have you forgotten to define it in a .material script?
22:08:17: Can't assign material _missing_material_ to SubEntity of ball_179 because this Material does not exist. Have you forgotten to define it in a .material script?
22:08:17: Can't assign material _missing_material_ to SubEntity of ball_180 because this Material does not exist. Have you forgotten to define it in a .material script?
22:08:17: Can't assign material _missing_material_ to SubEntity of ball_181 because this Material does not exist. Have you forgotten to define it in a .material script?
22:08:17: Can't assign material _missing_material_ to SubEntity of ball_182 because this Material does not exist. Have you forgotten to define it in a .material script?
22:08:17: Can't assign material _missing_material_ to SubEntity of ball_183 because this Material does not exist. Have you forgotten to define it in a .material script?
22:08:17: Can't assign material _missing_material_ to SubEntity of ball_184 because this Material does not exist. Have you forgotten to define it in a .material script?
22:08:17: Can't assign material _missing_material_ to SubEntity of ball_185 because this Material does not exist. Have you forgotten to define it in a .material script?
22:08:17: Can't assign material _missing_material_ to SubEntity of ball_186 because this Material does not exist. Have you forgotten to define it in a .material script?
22:08:17: Can't assign material _missing_material_ to SubEntity of ball_187 because this Material does not exist. Have you forgotten to define it in a .material script?
22:08:17: Can't assign material _missing_material_ to SubEntity of ball_188 because this Material does not exist. Have you forgotten to define it in a .material script?
22:08:17: Can't assign material _missing_material_ to SubEntity of ball_189 because this Material does not exist. Have you forgotten to define it in a .material script?
22:08:17: Can't assign material _missing_material_ to SubEntity of ball_190 because this Material does not exist. Have you forgotten to define it in a .material script?
22:08:17: Can't assign material _missing_material_ to SubEntity of ball_191 because this Material does not exist. Have you forgotten to define it in a .material script?
22:08:17: Can't assign material _missing_material_ to SubEntity of ball_192 because this Material does not exist. Have you forgotten to define it in a .material script?
22:08:17: Can't assign material _missing_material_ to SubEntity of ball_193 because this Material does not exist. Have you forgotten to define it in a .material script?
22:08:17: Can't assign material _missing_material_ to SubEntity of ball_194 because this Material does not exist. Have you forgotten to define it in a .material script?
22:08:17: Can't assign material _missing_material_ to SubEntity of ball_195 because this Material does not exist. Have you forgotten to define it in a .material script?
22:08:17: Can't assign material _missing_material_ to SubEntity of ball_196 because this Material does not exist. Have you forgotten to define it in a .material script?
22:08:17: Can't assign material _missing_material_ to SubEntity of ball_197 because this Material does not exist. Have you forgotten to define it in a .material script?
22:08:17: Can't assign material _missing_material_ to SubEntity of ball_198 because this Material does not exist. Have you forgotten to define it in a .material script?
22:08:17: Can't assign material _missing_material_ to SubEntity of ball_199 because this Material does not exist. Have you forgotten to define it in a .material script?
22:08:17: Can't assign material _missing_material_ to SubEntity of ball_200 because this Material does not exist. Have you forgotten to define it in a .material script?
22:08:17: Can't assign material _missing_material_ to SubEntity of ball_201 because this Material does not exist. Have you forgotten to define it in a .material script?
22:08:17: Can't assign material _missing_material_ to SubEntity of ball_202 because this Material does not exist. Have you forgotten to define it in a .material script?
22:08:17: Can't assign material _missing_material_ to SubEntity of ball_203 because this Material does not exist. Have you forgotten to define it in a .material script?
22:08:17: Can't assign material _missing_material_ to SubEntity of ball_204 because this Material does not exist. Have you forgotten to define it in a .material script?
22:08:17: Can't assign material _missing_material_ to SubEntity of ball_205 because this Material does not exist. Have you forgotten to define it in a .material script?
22:08:17: Can't assign material _missing_material_ to SubEntity of ball_206 because this Material does not exist. Have you forgotten to define it in a .material script?
22:08:17: Can't assign material _missing_material_ to SubEntity of ball_207 because this Material does not exist. Have you forgotten to define it in a .material script?
22:08:17: Can't assign material _missing_material_ to SubEntity of ball_208 because this Material does not exist. Have you forgotten to define it in a .material script?
22:08:17: Can't assign material _missing_material_ to SubEntity of ball_209 because this Material does not exist. Have you forgotten to define it in a .material script?
22:08:17: Can't assign material _missing_material_ to SubEntity of ball_210 because this Material does not exist. Have you forgotten to define it in a .material script?
22:08:17: Can't assign material _missing_material_ to SubEntity of ball_211 because this Material does not exist. Have you forgotten to define it in a .material script?
22:08:17: Can't assign material _missing_material_ to SubEntity of ball_212 because this Material does not exist. Have you forgotten to define it in a .material script?
22:08:17: Can't assign material _missing_material_ to SubEntity of ball_213 because this Material does not exist. Have you forgotten to define it in a .material script?
22:08:17: Can't assign material _missing_material_ to SubEntity of ball_214 because this Material does not exist. Have you forgotten to define it in a .material script?
22:08:17: Can't assign material _missing_material_ to SubEntity of ball_215 because this Material does not exist. Have you forgotten to define it in a .material script?
22:08:17: Can't assign material _missing_material_ to SubEntity of ball_216 because this Material does not exist. Have you forgotten to define it in a .material script?
22:08:17: Can't assign material _missing_material_ to SubEntity of ball_217 because this Material does not exist. Have you forgotten to define it in a .material script?
22:08:17: Can't assign material _missing_material_ to SubEntity of ball_218 because this Material does not exist. Have you forgotten to define it in a .material script?
22:08:17: Can't assign material _missing_material_ to SubEntity of ball_219 because this Material does not exist. Have you forgotten to define it in a .material script?
22:08:17: Can't assign material _missing_material_ to SubEntity of ball_220 because this Material does not exist. Have you forgotten to define it in a .material script?
22:08:17: Can't assign material _missing_material_ to SubEntity of ball_221 because this Material does not exist. Have you forgotten to define it in a .material script?
22:08:17: Can't assign material _missing_material_ to SubEntity of ball_222 because this Material does not exist. Have you forgotten to define it in a .material script?
22:08:17: Can't assign material _missing_material_ to SubEntity of ball_223 because this Material does not exist. Have you forgotten to define it in a .material script?
22:08:17: Can't assign material _missing_material_ to SubEntity of ball_224 because this Material does not exist. Have you forgotten to define it in a .material script?
22:08:17: Can't assign material _missing_material_ to SubEntity of ball_225 because this Material does not exist. Have you forgotten to define it in a .material script?
22:08:17: Mesh: Loading pacman.mesh.
22:08:17: Texture: pacman.png: Loading 1 faces(PF_A8R8G8B8,1024x1024x1) with 10 hardware generated mipmaps from Image. Internal format is PF_A8R8G8B8,1024x1024x1.
